Timestamp reset
0 Connected
Can receive synchronous retained messages
40:40 Subscribed
42:2 Sending msg:0
44:2 Sending msg:1
44:0 Sending msg:2
45:1 Sending msg:3
45:0 Sending msg:4
45:0 Sending msg:5
45:0 Sending msg:6
45:0 Sending msg:7
45:0 Sending msg:8
45:0 Sending msg:9
46:1 Sending msg:10
46:0 Sending msg:11
46:0 Sending msg:12
46:0 Sending msg:13
47:1 Sending msg:14
47:0 Sending msg:15
47:0 Sending msg:16
47:0 Sending msg:17
48:1 Sending msg:18
48:0 Sending msg:19
48:0 Sending msg:20
48:0 Sending msg:21
48:0 Sending msg:22
48:0 Sending msg:23
48:0 Sending msg:24
48:0 Sending msg:25
49:1 Sending msg:26
49:0 Sending msg:27
49:0 Sending msg:28
49:0 Sending msg:29
49:0 Sending msg:30
49:0 Sending msg:31
49:0 Sending msg:32
49:0 Sending msg:33
49:0 Sending msg:34
49:0 Sending msg:35
50:1 Sending msg:36
50:0 Sending msg:37
50:0 Sending msg:38
50:0 Sending msg:39
50:0 Sending msg:40
50:0 Sending msg:41
50:0 Sending msg:42
50:0 Sending msg:43
50:0 Sending msg:44
51:1 Sending msg:45
51:0 Sending msg:46
51:0 Sending msg:47
51:0 Sending msg:48
51:0 Sending msg:49
51:0 Sending msg:50
51:0 Sending msg:51
51:0 Sending msg:52
51:0 Sending msg:53
51:0 Sending msg:54
52:1 Sending msg:55
52:0 Sending msg:56
52:0 Sending msg:57
52:0 Sending msg:58
52:0 Sending msg:59
53:1 Sending msg:60
53:0 Sending msg:61
53:0 Sending msg:62
53:0 Sending msg:63
54:1 Sending msg:64
55:1 Sending msg:65
55:0 Sending msg:66
56:1 Sending msg:67
56:0 Sending msg:68
56:0 Sending msg:69
56:0 Sending msg:70
56:0 Sending msg:71
56:0 Sending msg:72
56:0 Sending msg:73
56:0 Sending msg:74
56:0 Sending msg:75
56:0 Sending msg:76
57:1 Sending msg:77
57:0 Sending msg:78
57:0 Sending msg:79
57:0 Sending msg:80
57:0 Sending msg:81
57:0 Sending msg:82
57:0 Sending msg:83
57:0 Sending msg:84
57:0 Sending msg:85
57:0 Sending msg:86
57:0 Sending msg:87
58:1 Sending msg:88
58:0 Sending msg:89
61:3 Sending msg:90
63:2 Sending msg:91
63:0 Sending msg:92
63:0 Sending msg:93
63:0 Sending msg:94
63:0 Sending msg:95
63:0 Sending msg:96
64:1 Sending msg:97
64:0 Sending msg:98
65:1 Sending msg:99
65:0 Sending msg:100
65:0 Sending msg:101
65:0 Sending msg:102
65:0 Sending msg:103
65:0 Sending msg:104
65:0 Sending msg:105
66:1 Sending msg:106
66:0 Sending msg:107
68:2 Sending msg:108
68:0 Sending msg:109
68:0 Sending msg:110
68:0 Sending msg:111
68:0 Sending msg:112
68:0 Sending msg:113
68:0 Sending msg:114
68:0 Sending msg:115
68:0 Sending msg:116
68:0 Sending msg:117
68:0 Sending msg:118
69:1 Sending msg:119
69:0 Sending msg:120
69:0 Sending msg:121
69:0 Sending msg:122
69:0 Sending msg:123
70:1 Sending msg:124
70:0 Sending msg:125
70:0 Sending msg:126
70:0 Sending msg:127
70:0 Sending msg:128
70:0 Sending msg:129
77:7 Sending msg:130
79:2 Sending msg:131
79:0 Sending msg:132
79:0 Sending msg:133
79:0 Sending msg:134
80:1 Sending msg:135
81:1 Sending msg:136
81:0 Sending msg:137
81:0 Sending msg:138
81:0 Sending msg:139
81:0 Sending msg:140
81:0 Sending msg:141
81:0 Sending msg:142
81:0 Sending msg:143
81:0 Sending msg:144
81:0 Sending msg:145
81:0 Sending msg:146
81:0 Sending msg:147
82:1 Sending msg:148
82:0 Sending msg:149
82:0 Sending msg:150
82:0 Sending msg:151
82:0 Sending msg:152
82:0 Sending msg:153
82:0 Sending msg:154
82:0 Sending msg:155
83:1 Sending msg:156
83:0 Sending msg:157
84:1 Sending msg:158
84:0 Sending msg:159
84:0 Sending msg:160
84:0 Sending msg:161
84:0 Sending msg:162
84:0 Sending msg:163
84:0 Sending msg:164
84:0 Sending msg:165
84:0 Sending msg:166
84:0 Sending msg:167
84:0 Sending msg:168
85:1 Sending msg:169
85:0 Sending msg:170
85:0 Sending msg:171
85:0 Sending msg:172
85:0 Sending msg:173
86:1 Sending msg:174
86:0 Sending msg:175
87:1 Sending msg:176
87:0 Sending msg:177
87:0 Sending msg:178
87:0 Sending msg:179
87:0 Sending msg:180
87:0 Sending msg:181
87:0 Sending msg:182
87:0 Sending msg:183
88:1 Sending msg:184
88:0 Sending msg:185
88:0 Sending msg:186
88:0 Sending msg:187
88:0 Sending msg:188
88:0 Sending msg:189
88:0 Sending msg:190
90:2 Sending msg:191
90:0 Sending msg:192
90:0 Sending msg:193
90:0 Sending msg:194
91:1 Sending msg:195
91:0 Sending msg:196
91:0 Sending msg:197
91:0 Sending msg:198
91:0 Sending msg:199
91:0 Sending msg:200
91:0 Sending msg:201
91:0 Sending msg:202
91:0 Sending msg:203
92:1 Sending msg:204
92:0 Sending msg:205
92:0 Sending msg:206
92:0 Sending msg:207
92:0 Sending msg:208
92:0 Sending msg:209
92:0 Sending msg:210
92:0 Sending msg:211
92:0 Sending msg:212
92:0 Sending msg:213
93:1 Sending msg:214
93:0 Sending msg:215
93:0 Sending msg:216
93:0 Sending msg:217
93:0 Sending msg:218
93:0 Sending msg:219
93:0 Sending msg:220
93:0 Sending msg:221
93:0 Sending msg:222
93:0 Sending msg:223
93:0 Sending msg:224
93:0 Sending msg:225
93:0 Sending msg:226
93:0 Sending msg:227
94:1 Sending msg:228
94:0 Sending msg:229
94:0 Sending msg:230
94:0 Sending msg:231
94:0 Sending msg:232
94:0 Sending msg:233
94:0 Sending msg:234
94:0 Sending msg:235
94:0 Sending msg:236
94:0 Sending msg:237
94:0 Sending msg:238
94:0 Sending msg:239
94:0 Sending msg:240
95:1 Sending msg:241
95:0 Sending msg:242
95:0 Sending msg:243
95:0 Sending msg:244
95:0 Sending msg:245
95:0 Sending msg:246
95:0 Sending msg:247
95:0 Sending msg:248
95:0 Sending msg:249
95:0 Sending msg:250
95:0 Sending msg:251
95:0 Sending msg:252
95:0 Sending msg:253
98:3 Sending msg:254
98:0 Sending msg:255
98:0 Sending msg:256
98:0 Sending msg:257
98:0 Sending msg:258
98:0 Sending msg:259
98:0 Sending msg:260
98:0 Sending msg:261
99:1 Sending msg:262
99:0 Sending msg:263
99:0 Sending msg:264
99:0 Sending msg:265
99:0 Sending msg:266
99:0 Sending msg:267
99:0 Sending msg:268
99:0 Sending msg:269
99:0 Sending msg:270
99:0 Sending msg:271
99:0 Sending msg:272
100:1 Sending msg:273
100:0 Sending msg:274
100:0 Sending msg:275
100:0 Sending msg:276
100:0 Sending msg:277
100:0 Sending msg:278
100:0 Sending msg:279
102:2 Sending msg:280
102:0 Sending msg:281
102:0 Sending msg:282
102:0 Sending msg:283
102:0 Sending msg:284
102:0 Sending msg:285
102:0 Sending msg:286
102:0 Sending msg:287
102:0 Sending msg:288
102:0 Sending msg:289
103:1 Sending msg:290
103:0 Sending msg:291
103:0 Sending msg:292
103:0 Sending msg:293
103:0 Sending msg:294
103:0 Sending msg:295
103:0 Sending msg:296
103:0 Sending msg:297
103:0 Sending msg:298
103:0 Sending msg:299
103:0 Sending msg:300
103:0 Sending msg:301
103:0 Sending msg:302
104:1 Sending msg:303
104:0 Sending msg:304
104:0 Sending msg:305
104:0 Sending msg:306
104:0 Sending msg:307
104:0 Sending msg:308
104:0 Sending msg:309
104:0 Sending msg:310
105:1 Sending msg:311
105:0 Sending msg:312
105:0 Sending msg:313
105:0 Sending msg:314
106:1 Sending msg:315
106:0 Sending msg:316
106:0 Sending msg:317
107:1 Sending msg:318
107:0 Sending msg:319
107:0 Sending msg:320
107:0 Sending msg:321
107:0 Sending msg:322
107:0 Sending msg:323
107:0 Sending msg:324
107:0 Sending msg:325
107:0 Sending msg:326
107:0 Sending msg:327
107:0 Sending msg:328
107:0 Sending msg:329
107:0 Sending msg:330
108:1 Sending msg:331
108:0 Sending msg:332
108:0 Sending msg:333
108:0 Sending msg:334
108:0 Sending msg:335
108:0 Sending msg:336
108:0 Sending msg:337
108:0 Sending msg:338
108:0 Sending msg:339
108:0 Sending msg:340
108:0 Sending msg:341
108:0 Sending msg:342
108:0 Sending msg:343
109:1 Sending msg:344
109:0 Sending msg:345
109:0 Sending msg:346
109:0 Sending msg:347
109:0 Sending msg:348
109:0 Sending msg:349
109:0 Sending msg:350
109:0 Sending msg:351
110:1 Sending msg:352
110:0 Sending msg:353
110:0 Sending msg:354
112:2 Sending msg:355
112:0 Sending msg:356
112:0 Sending msg:357
112:0 Sending msg:358
112:0 Sending msg:359
112:0 Sending msg:360
112:0 Sending msg:361
112:0 Sending msg:362
112:0 Sending msg:363
112:0 Sending msg:364
112:0 Sending msg:365
113:1 Sending msg:366
113:0 Sending msg:367
113:0 Sending msg:368
113:0 Sending msg:369
113:0 Sending msg:370
113:0 Sending msg:371
113:0 Sending msg:372
113:0 Sending msg:373
113:0 Sending msg:374
113:0 Sending msg:375
113:0 Sending msg:376
113:0 Sending msg:377
113:0 Sending msg:378
113:0 Sending msg:379
114:1 Sending msg:380
114:0 Sending msg:381
114:0 Sending msg:382
115:1 Sending msg:383
115:0 Sending msg:384
116:1 Sending msg:385
116:0 Sending msg:386
116:0 Sending msg:387
117:1 Sending msg:388
117:0 Sending msg:389
117:0 Sending msg:390
117:0 Sending msg:391
119:2 Sending msg:392
120:1 Sending msg:393
124:4 Sending msg:394
124:0 Sending msg:395
124:0 Sending msg:396
124:0 Sending msg:397
125:1 Sending msg:398
125:0 Sending msg:399
125:0 Sending msg:400
125:0 Sending msg:401
125:0 Sending msg:402
125:0 Sending msg:403
125:0 Sending msg:404
125:0 Sending msg:405
126:1 Sending msg:406
126:0 Sending msg:407
126:0 Sending msg:408
126:0 Sending msg:409
126:0 Sending msg:410
126:0 Sending msg:411
126:0 Sending msg:412
126:0 Sending msg:413
126:0 Sending msg:414
126:0 Sending msg:415
126:0 Sending msg:416
126:0 Sending msg:417
127:1 Sending msg:418
127:0 Sending msg:419
127:0 Sending msg:420
127:0 Sending msg:421
127:0 Sending msg:422
127:0 Sending msg:423
127:0 Sending msg:424
127:0 Sending msg:425
127:0 Sending msg:426
127:0 Sending msg:427
127:0 Sending msg:428
127:0 Sending msg:429
128:1 Sending msg:430
128:0 Sending msg:431
129:1 Sending msg:432
129:0 Sending msg:433
129:0 Sending msg:434
129:0 Sending msg:435
130:1 Sending msg:436
130:0 Sending msg:437
130:0 Sending msg:438
130:0 Sending msg:439
130:0 Sending msg:440
130:0 Sending msg:441
130:0 Sending msg:442
130:0 Sending msg:443
130:0 Sending msg:444
130:0 Sending msg:445
130:0 Sending msg:446
131:1 Sending msg:447
131:0 Sending msg:448
131:0 Sending msg:449
131:0 Sending msg:450
131:0 Sending msg:451
131:0 Sending msg:452
131:0 Sending msg:453
131:0 Sending msg:454
131:0 Sending msg:455
131:0 Sending msg:456
131:0 Sending msg:457
131:0 Sending msg:458
131:0 Sending msg:459
131:0 Sending msg:460
131:0 Sending msg:461
132:1 Sending msg:462
132:0 Sending msg:463
132:0 Sending msg:464
132:0 Sending msg:465
132:0 Sending msg:466
132:0 Sending msg:467
132:0 Sending msg:468
132:0 Sending msg:469
132:0 Sending msg:470
132:0 Sending msg:471
132:0 Sending msg:472
132:0 Sending msg:473
132:0 Sending msg:474
132:0 Sending msg:475
132:0 Sending msg:476
132:0 Sending msg:477
132:0 Sending msg:478
132:0 Sending msg:479
133:1 Sending msg:480
133:0 Sending msg:481
133:0 Sending msg:482
133:0 Sending msg:483
133:0 Sending msg:484
133:0 Sending msg:485
133:0 Sending msg:486
133:0 Sending msg:487
133:0 Sending msg:488
133:0 Sending msg:489
133:0 Sending msg:490
133:0 Sending msg:491
133:0 Sending msg:492
133:0 Sending msg:493
134:1 Sending msg:494
134:0 Sending msg:495
134:0 Sending msg:496
134:0 Sending msg:497
134:0 Sending msg:498
134:0 Sending msg:499
134:0 Sending msg:500
134:0 Sending msg:501
134:0 Sending msg:502
134:0 Sending msg:503
134:0 Sending msg:504
135:1 Sending msg:505
135:0 Sending msg:506
135:0 Sending msg:507
135:0 Sending msg:508
135:0 Sending msg:509
135:0 Sending msg:510
135:0 Sending msg:511
135:0 Sending msg:512
135:0 Sending msg:513
135:0 Sending msg:514
135:0 Sending msg:515
135:0 Sending msg:516
135:0 Sending msg:517
135:0 Sending msg:518
135:0 Sending msg:519
136:1 Sending msg:520
136:0 Sending msg:521
136:0 Sending msg:522
136:0 Sending msg:523
136:0 Sending msg:524
136:0 Sending msg:525
136:0 Sending msg:526
136:0 Sending msg:527
136:0 Sending msg:528
136:0 Sending msg:529
136:0 Sending msg:530
136:0 Sending msg:531
136:0 Sending msg:532
136:0 Sending msg:533
137:1 Sending msg:534
137:0 Sending msg:535
137:0 Sending msg:536
137:0 Sending msg:537
137:0 Sending msg:538
137:0 Sending msg:539
137:0 Sending msg:540
137:0 Sending msg:541
137:0 Sending msg:542
137:0 Sending msg:543
137:0 Sending msg:544
137:0 Sending msg:545
137:0 Sending msg:546
137:0 Sending msg:547
137:0 Sending msg:548
137:0 Sending msg:549
137:0 Sending msg:550
138:1 Sending msg:551
138:0 Sending msg:552
138:0 Sending msg:553
138:0 Sending msg:554
138:0 Sending msg:555
138:0 Sending msg:556
138:0 Sending msg:557
138:0 Sending msg:558
138:0 Sending msg:559
138:0 Sending msg:560
138:0 Sending msg:561
138:0 Sending msg:562
138:0 Sending msg:563
138:0 Sending msg:564
138:0 Sending msg:565
139:1 Sending msg:566
139:0 Sending msg:567
139:0 Sending msg:568
139:0 Sending msg:569
139:0 Sending msg:570
139:0 Sending msg:571
139:0 Sending msg:572
139:0 Sending msg:573
139:0 Sending msg:574
139:0 Sending msg:575
139:0 Sending msg:576
139:0 Sending msg:577
139:0 Sending msg:578
139:0 Sending msg:579
139:0 Sending msg:580
140:1 Sending msg:581
140:0 Sending msg:582
140:0 Sending msg:583
140:0 Sending msg:584
140:0 Sending msg:585
140:0 Sending msg:586
140:0 Sending msg:587
140:0 Sending msg:588
140:0 Sending msg:589
140:0 Sending msg:590
140:0 Sending msg:591
140:0 Sending msg:592
140:0 Sending msg:593
140:0 Sending msg:594
140:0 Sending msg:595
141:1 Sending msg:596
141:0 Sending msg:597
141:0 Sending msg:598
141:0 Sending msg:599
141:0 Sending msg:600
141:0 Sending msg:601
141:0 Sending msg:602
141:0 Sending msg:603
141:0 Sending msg:604
141:0 Sending msg:605
141:0 Sending msg:606
141:0 Sending msg:607
141:0 Sending msg:608
141:0 Sending msg:609
141:0 Sending msg:610
142:1 Sending msg:611
142:0 Sending msg:612
142:0 Sending msg:613
142:0 Sending msg:614
142:0 Sending msg:615
142:0 Sending msg:616
142:0 Sending msg:617
142:0 Sending msg:618
142:0 Sending msg:619
142:0 Sending msg:620
142:0 Sending msg:621
142:0 Sending msg:622
142:0 Sending msg:623
142:0 Sending msg:624
142:0 Sending msg:625
143:1 Sending msg:626
143:0 Sending msg:627
143:0 Sending msg:628
143:0 Sending msg:629
143:0 Sending msg:630
143:0 Sending msg:631
143:0 Sending msg:632
143:0 Sending msg:633
143:0 Sending msg:634
143:0 Sending msg:635
143:0 Sending msg:636
143:0 Sending msg:637
143:0 Sending msg:638
143:0 Sending msg:639
143:0 Sending msg:640
143:0 Sending msg:641
143:0 Sending msg:642
144:1 Sending msg:643
144:0 Sending msg:644
144:0 Sending msg:645
144:0 Sending msg:646
144:0 Sending msg:647
144:0 Sending msg:648
144:0 Sending msg:649
144:0 Sending msg:650
144:0 Sending msg:651
144:0 Sending msg:652
144:0 Sending msg:653
144:0 Sending msg:654
144:0 Sending msg:655
144:0 Sending msg:656
145:1 Sending msg:657
145:0 Sending msg:658
145:0 Sending msg:659
145:0 Sending msg:660
145:0 Sending msg:661
145:0 Sending msg:662
145:0 Sending msg:663
145:0 Sending msg:664
145:0 Sending msg:665
145:0 Sending msg:666
145:0 Sending msg:667
145:0 Sending msg:668
145:0 Sending msg:669
145:0 Sending msg:670
145:0 Sending msg:671
146:1 Sending msg:672
146:0 Sending msg:673
146:0 Sending msg:674
146:0 Sending msg:675
146:0 Sending msg:676
146:0 Sending msg:677
146:0 Sending msg:678
146:0 Sending msg:679
146:0 Sending msg:680
146:0 Sending msg:681
146:0 Sending msg:682
146:0 Sending msg:683
146:0 Sending msg:684
146:0 Sending msg:685
147:1 Sending msg:686
147:0 Sending msg:687
147:0 Sending msg:688
147:0 Sending msg:689
147:0 Sending msg:690
147:0 Sending msg:691
147:0 Sending msg:692
147:0 Sending msg:693
147:0 Sending msg:694
147:0 Sending msg:695
147:0 Sending msg:696
147:0 Sending msg:697
147:0 Sending msg:698
147:0 Sending msg:699
147:0 Sending msg:700
147:0 Sending msg:701
147:0 Sending msg:702
148:1 Sending msg:703
148:0 Sending msg:704
148:0 Sending msg:705
148:0 Sending msg:706
148:0 Sending msg:707
148:0 Sending msg:708
148:0 Sending msg:709
148:0 Sending msg:710
148:0 Sending msg:711
148:0 Sending msg:712
148:0 Sending msg:713
148:0 Sending msg:714
148:0 Sending msg:715
148:0 Sending msg:716
148:0 Sending msg:717
148:0 Sending msg:718
148:0 Sending msg:719
149:1 Sending msg:720
149:0 Sending msg:721
149:0 Sending msg:722
149:0 Sending msg:723
149:0 Sending msg:724
149:0 Sending msg:725
149:0 Sending msg:726
149:0 Sending msg:727
149:0 Sending msg:728
149:0 Sending msg:729
149:0 Sending msg:730
149:0 Sending msg:731
149:0 Sending msg:732
149:0 Sending msg:733
150:1 Sending msg:734
151:1 Sending msg:735
151:0 Sending msg:736
151:0 Sending msg:737
151:0 Sending msg:738
151:0 Sending msg:739
151:0 Sending msg:740
151:0 Sending msg:741
151:0 Sending msg:742
151:0 Sending msg:743
152:1 Sending msg:744
152:0 Sending msg:745
152:0 Sending msg:746
152:0 Sending msg:747
152:0 Sending msg:748
152:0 Sending msg:749
152:0 Sending msg:750
152:0 Sending msg:751
152:0 Sending msg:752
152:0 Sending msg:753
152:0 Sending msg:754
152:0 Sending msg:755
153:1 Sending msg:756
153:0 Sending msg:757
153:0 Sending msg:758
153:0 Sending msg:759
153:0 Sending msg:760
153:0 Sending msg:761
153:0 Sending msg:762
153:0 Sending msg:763
153:0 Sending msg:764
153:0 Sending msg:765
153:0 Sending msg:766
153:0 Sending msg:767
153:0 Sending msg:768
153:0 Sending msg:769
153:0 Sending msg:770
154:1 Sending msg:771
154:0 Sending msg:772
154:0 Sending msg:773
154:0 Sending msg:774
154:0 Sending msg:775
154:0 Sending msg:776
154:0 Sending msg:777
154:0 Sending msg:778
154:0 Sending msg:779
154:0 Sending msg:780
154:0 Sending msg:781
154:0 Sending msg:782
154:0 Sending msg:783
154:0 Sending msg:784
154:0 Sending msg:785
154:0 Sending msg:786
155:1 Sending msg:787
155:0 Sending msg:788
155:0 Sending msg:789
155:0 Sending msg:790
155:0 Sending msg:791
155:0 Sending msg:792
155:0 Sending msg:793
155:0 Sending msg:794
155:0 Sending msg:795
155:0 Sending msg:796
155:0 Sending msg:797
155:0 Sending msg:798
155:0 Sending msg:799
155:0 Sending msg:800
156:1 Sending msg:801
156:0 Sending msg:802
156:0 Sending msg:803
156:0 Sending msg:804
156:0 Sending msg:805
156:0 Sending msg:806
156:0 Sending msg:807
156:0 Sending msg:808
156:0 Sending msg:809
156:0 Sending msg:810
156:0 Sending msg:811
156:0 Sending msg:812
156:0 Sending msg:813
156:0 Sending msg:814
157:1 Sending msg:815
157:0 Sending msg:816
157:0 Sending msg:817
157:0 Sending msg:818
157:0 Sending msg:819
157:0 Sending msg:820
157:0 Sending msg:821
157:0 Sending msg:822
157:0 Sending msg:823
157:0 Sending msg:824
157:0 Sending msg:825
157:0 Sending msg:826
157:0 Sending msg:827
157:0 Sending msg:828
157:0 Sending msg:829
157:0 Sending msg:830
158:1 Sending msg:831
158:0 Sending msg:832
158:0 Sending msg:833
158:0 Sending msg:834
158:0 Sending msg:835
158:0 Sending msg:836
158:0 Sending msg:837
158:0 Sending msg:838
158:0 Sending msg:839
158:0 Sending msg:840
158:0 Sending msg:841
158:0 Sending msg:842
158:0 Sending msg:843
158:0 Sending msg:844
158:0 Sending msg:845
158:0 Sending msg:846
159:1 Sending msg:847
159:0 Sending msg:848
159:0 Sending msg:849
159:0 Sending msg:850
159:0 Sending msg:851
159:0 Sending msg:852
159:0 Sending msg:853
159:0 Sending msg:854
159:0 Sending msg:855
159:0 Sending msg:856
159:0 Sending msg:857
159:0 Sending msg:858
159:0 Sending msg:859
159:0 Sending msg:860
159:0 Sending msg:861
159:0 Sending msg:862
160:1 Sending msg:863
160:0 Sending msg:864
160:0 Sending msg:865
160:0 Sending msg:866
160:0 Sending msg:867
160:0 Sending msg:868
160:0 Sending msg:869
160:0 Sending msg:870
160:0 Sending msg:871
160:0 Sending msg:872
160:0 Sending msg:873
160:0 Sending msg:874
160:0 Sending msg:875
160:0 Sending msg:876
160:0 Sending msg:877
161:1 Sending msg:878
161:0 Sending msg:879
161:0 Sending msg:880
161:0 Sending msg:881
161:0 Sending msg:882
161:0 Sending msg:883
161:0 Sending msg:884
161:0 Sending msg:885
161:0 Sending msg:886
161:0 Sending msg:887
161:0 Sending msg:888
161:0 Sending msg:889
161:0 Sending msg:890
161:0 Sending msg:891
161:0 Sending msg:892
161:0 Sending msg:893
162:1 Sending msg:894
162:0 Sending msg:895
162:0 Sending msg:896
162:0 Sending msg:897
162:0 Sending msg:898
162:0 Sending msg:899
162:0 Sending msg:900
162:0 Sending msg:901
162:0 Sending msg:902
162:0 Sending msg:903
162:0 Sending msg:904
162:0 Sending msg:905
162:0 Sending msg:906
162:0 Sending msg:907
163:1 Sending msg:908
163:0 Sending msg:909
163:0 Sending msg:910
163:0 Sending msg:911
163:0 Sending msg:912
163:0 Sending msg:913
163:0 Sending msg:914
163:0 Sending msg:915
163:0 Sending msg:916
163:0 Sending msg:917
163:0 Sending msg:918
163:0 Sending msg:919
163:0 Sending msg:920
163:0 Sending msg:921
163:0 Sending msg:922
163:0 Sending msg:923
164:1 Sending msg:924
164:0 Sending msg:925
164:0 Sending msg:926
164:0 Sending msg:927
164:0 Sending msg:928
164:0 Sending msg:929
164:0 Sending msg:930
164:0 Sending msg:931
164:0 Sending msg:932
164:0 Sending msg:933
164:0 Sending msg:934
164:0 Sending msg:935
164:0 Sending msg:936
164:0 Sending msg:937
164:0 Sending msg:938
165:1 Sending msg:939
165:0 Sending msg:940
165:0 Sending msg:941
165:0 Sending msg:942
165:0 Sending msg:943
165:0 Sending msg:944
165:0 Sending msg:945
165:0 Sending msg:946
165:0 Sending msg:947
165:0 Sending msg:948
165:0 Sending msg:949
165:0 Sending msg:950
165:0 Sending msg:951
165:0 Sending msg:952
165:0 Sending msg:953
166:1 Sending msg:954
166:0 Sending msg:955
166:0 Sending msg:956
166:0 Sending msg:957
166:0 Sending msg:958
166:0 Sending msg:959
166:0 Sending msg:960
166:0 Sending msg:961
166:0 Sending msg:962
166:0 Sending msg:963
166:0 Sending msg:964
166:0 Sending msg:965
166:0 Sending msg:966
166:0 Sending msg:967
166:0 Sending msg:968
166:0 Sending msg:969
167:1 Sending msg:970
167:0 Sending msg:971
167:0 Sending msg:972
167:0 Sending msg:973
167:0 Sending msg:974
167:0 Sending msg:975
167:0 Sending msg:976
167:0 Sending msg:977
167:0 Sending msg:978
167:0 Sending msg:979
167:0 Sending msg:980
167:0 Sending msg:981
167:0 Sending msg:982
167:0 Sending msg:983
167:0 Sending msg:984
167:0 Sending msg:985
168:1 Sending msg:986
168:0 Sending msg:987
168:0 Sending msg:988
168:0 Sending msg:989
168:0 Sending msg:990
168:0 Sending msg:991
168:0 Sending msg:992
168:0 Sending msg:993
168:0 Sending msg:994
168:0 Sending msg:995
168:0 Sending msg:996
168:0 Sending msg:997
168:0 Sending msg:998
168:0 Sending msg:999
284:116 Received msg:0
347:63 Received msg:1
433:86 Received msg:2
449:16 Received msg:3
468:19 Received msg:4
514:46 Received msg:5
561:47 Received msg:6
711:150 Received msg:7
737:26 Received msg:8
749:12 Received msg:9
828:79 Received msg:10
836:8 Received msg:11
845:9 Received msg:12
909:64 Received msg:13
914:5 Received msg:14
920:6 Received msg:15
925:5 Received msg:16
930:5 Received msg:17
937:7 Received msg:18
944:7 Received msg:19
970:26 Received msg:20
1020:50 Received msg:21
1040:20 Received msg:22
1056:16 Received msg:23
1087:31 Received msg:24
1095:8 Received msg:25
1103:8 Received msg:26
1110:7 Received msg:27
1125:15 Received msg:28
1133:8 Received msg:29
1142:9 Received msg:30
1150:8 Received msg:31
1159:9 Received msg:32
1166:7 Received msg:33
1173:7 Received msg:34
1209:36 Received msg:35
1226:17 Received msg:36
1245:19 Received msg:37
1261:16 Received msg:38
1279:18 Received msg:39
1290:11 Received msg:40
1353:63 Received msg:41
1379:26 Received msg:42
1386:7 Received msg:43
1392:6 Received msg:44
1397:5 Received msg:45
1403:6 Received msg:46
1408:5 Received msg:47
1413:5 Received msg:48
1446:33 Received msg:49
1461:15 Received msg:50
1474:13 Received msg:51
1497:23 Received msg:52
1511:14 Received msg:53
1526:15 Received msg:54
1557:31 Received msg:55
1563:6 Received msg:56
1567:4 Received msg:57
1573:6 Received msg:58
1577:4 Received msg:59
1581:4 Received msg:60
1587:6 Received msg:61
1592:5 Received msg:62
1603:11 Received msg:63
1656:53 Received msg:64
1673:17 Received msg:65
1678:5 Received msg:66
1682:4 Received msg:67
1686:4 Received msg:68
1691:5 Received msg:69
1712:21 Received msg:70
1725:13 Received msg:71
1748:23 Received msg:72
1761:13 Received msg:73
1769:8 Received msg:74
1776:7 Received msg:75
1781:5 Received msg:76
1785:4 Received msg:77
1790:5 Received msg:78
1796:6 Received msg:79
1800:4 Received msg:80
1805:5 Received msg:81
1810:5 Received msg:82
1815:5 Received msg:83
1822:7 Received msg:84
1831:9 Received msg:85
1852:21 Received msg:86
1867:15 Received msg:87
1878:11 Received msg:88
1888:10 Received msg:89
1909:21 Received msg:90
1925:16 Received msg:91
1939:14 Received msg:92
1971:32 Received msg:93
1993:22 Received msg:94
2011:18 Received msg:95
2026:15 Received msg:96
2037:11 Received msg:97
2043:6 Received msg:98
2048:5 Received msg:99
2054:6 Received msg:100
4219:2165 Received msg:101
4223:4 Received msg:102
4226:3 Received msg:103
4229:3 Received msg:104
4232:3 Received msg:105
4235:3 Received msg:106
4244:9 Received msg:107
4247:3 Received msg:108
4251:4 Received msg:109
4255:4 Received msg:110
4258:3 Received msg:111
4261:3 Received msg:112
4264:3 Received msg:113
4267:3 Received msg:114
4270:3 Received msg:115
4274:4 Received msg:116
4277:3 Received msg:117
4280:3 Received msg:118
4284:4 Received msg:119
4291:7 Received msg:120
4295:4 Received msg:121
4299:4 Received msg:122
4302:3 Received msg:123
4306:4 Received msg:124
4311:5 Received msg:125
4315:4 Received msg:126
4318:3 Received msg:127
4321:3 Received msg:128
4325:4 Received msg:129
4329:4 Received msg:130
4335:6 Received msg:131
4345:10 Received msg:132
4347:2 Received msg:133
4350:3 Received msg:134
4353:3 Received msg:135
4357:4 Received msg:136
4360:3 Received msg:137
4364:4 Received msg:138
4368:4 Received msg:139
4371:3 Received msg:140
4375:4 Received msg:141
4378:3 Received msg:142
4381:3 Received msg:143
4385:4 Received msg:144
4393:8 Received msg:145
4397:4 Received msg:146
4400:3 Received msg:147
4403:3 Received msg:148
4406:3 Received msg:149
4408:2 Received msg:150
4410:2 Received msg:151
4413:3 Received msg:152
4417:4 Received msg:153
4420:3 Received msg:154
4423:3 Received msg:155
4426:3 Received msg:156
4429:3 Received msg:157
4432:3 Received msg:158
4435:3 Received msg:159
4442:7 Received msg:160
4448:6 Received msg:161
4459:11 Received msg:162
4475:16 Received msg:163
4484:9 Received msg:164
4500:16 Received msg:165
4512:12 Received msg:166
4525:13 Received msg:167
4535:10 Received msg:168
4555:20 Received msg:169
4569:14 Received msg:170
4573:4 Received msg:171
4577:4 Received msg:172
4581:4 Received msg:173
4584:3 Received msg:174
4592:8 Received msg:175
4618:26 Received msg:176
4626:8 Received msg:177
4629:3 Received msg:178
4656:27 Received msg:179
4666:10 Received msg:180
4673:7 Received msg:181
4683:10 Received msg:182
4699:16 Received msg:183
4708:9 Received msg:184
4721:13 Received msg:185
4731:10 Received msg:186
4746:15 Received msg:187
4758:12 Received msg:188
4772:14 Received msg:189
4777:5 Received msg:190
4780:3 Received msg:191
4784:4 Received msg:192
4787:3 Received msg:193
4795:8 Received msg:194
4799:4 Received msg:195
4802:3 Received msg:196
4805:3 Received msg:197
4809:4 Received msg:198
4813:4 Received msg:199
4817:4 Received msg:200
4820:3 Received msg:201
4824:4 Received msg:202
4827:3 Received msg:203
4830:3 Received msg:204
4834:4 Received msg:205
4838:4 Received msg:206
4848:10 Received msg:207
4853:5 Received msg:208
4857:4 Received msg:209
4861:4 Received msg:210
4866:5 Received msg:211
4887:21 Received msg:212
4920:33 Received msg:213
4924:4 Received msg:214
4934:10 Received msg:215
4949:15 Received msg:216
4963:14 Received msg:217
4973:10 Received msg:218
4985:12 Received msg:219
4993:8 Received msg:220
5015:22 Received msg:221
5024:9 Received msg:222
5028:4 Received msg:223
5032:4 Received msg:224
5036:4 Received msg:225
5040:4 Received msg:226
5044:4 Received msg:227
5052:8 Received msg:228
5056:4 Received msg:229
5059:3 Received msg:230
5064:5 Received msg:231
5068:4 Received msg:232
5071:3 Received msg:233
5075:4 Received msg:234
5080:5 Received msg:235
5084:4 Received msg:236
5087:3 Received msg:237
5089:2 Received msg:238
5093:4 Received msg:239
5101:8 Received msg:240
5104:3 Received msg:241
5107:3 Received msg:242
5110:3 Received msg:243
5114:4 Received msg:244
5117:3 Received msg:245
5120:3 Received msg:246
5124:4 Received msg:247
5127:3 Received msg:248
5131:4 Received msg:249
5135:4 Received msg:250
5138:3 Received msg:251
5142:4 Received msg:252
5145:3 Received msg:253
5152:7 Received msg:254
5156:4 Received msg:255
5159:3 Received msg:256
5163:4 Received msg:257
5167:4 Received msg:258
5172:5 Received msg:259
5175:3 Received msg:260
5179:4 Received msg:261
5183:4 Received msg:262
5186:3 Received msg:263
5191:5 Received msg:264
5194:3 Received msg:265
5203:9 Received msg:266
5207:4 Received msg:267
5210:3 Received msg:268
5214:4 Received msg:269
5218:4 Received msg:270
5222:4 Received msg:271
5225:3 Received msg:272
5229:4 Received msg:273
5232:3 Received msg:274
5236:4 Received msg:275
5241:5 Received msg:276
5250:9 Received msg:277
5254:4 Received msg:278
5258:4 Received msg:279
5261:3 Received msg:280
5265:4 Received msg:281
5269:4 Received msg:282
5272:3 Received msg:283
5275:3 Received msg:284
5278:3 Received msg:285
5281:3 Received msg:286
5284:3 Received msg:287
5287:3 Received msg:288
5292:5 Received msg:289
5300:8 Received msg:290
5304:4 Received msg:291
5307:3 Received msg:292
5313:6 Received msg:293
5316:3 Received msg:294
5320:4 Received msg:295
5323:3 Received msg:296
5326:3 Received msg:297
5329:3 Received msg:298
5333:4 Received msg:299
5336:3 Received msg:300
5340:4 Received msg:301
5344:4 Received msg:302
5352:8 Received msg:303
5358:6 Received msg:304
5362:4 Received msg:305
5366:4 Received msg:306
5389:23 Received msg:307
5406:17 Received msg:308
5409:3 Received msg:309
5413:4 Received msg:310
5416:3 Received msg:311
5419:3 Received msg:312
5426:7 Received msg:313
5437:11 Received msg:314
5444:7 Received msg:315
5451:7 Received msg:316
5455:4 Received msg:317
5459:4 Received msg:318
5462:3 Received msg:319
5468:6 Received msg:320
5472:4 Received msg:321
5475:3 Received msg:322
5478:3 Received msg:323
5483:5 Received msg:324
5487:4 Received msg:325
5490:3 Received msg:326
5493:3 Received msg:327
5496:3 Received msg:328
5499:3 Received msg:329
5502:3 Received msg:330
5505:3 Received msg:331
5508:3 Received msg:332
5512:4 Received msg:333
5515:3 Received msg:334
5518:3 Received msg:335
5521:3 Received msg:336
5524:3 Received msg:337
5527:3 Received msg:338
5530:3 Received msg:339
5534:4 Received msg:340
5537:3 Received msg:341
5540:3 Received msg:342
5543:3 Received msg:343
5546:3 Received msg:344
5548:2 Received msg:345
5551:3 Received msg:346
5554:3 Received msg:347
5557:3 Received msg:348
5560:3 Received msg:349
5563:3 Received msg:350
5566:3 Received msg:351
5569:3 Received msg:352
5572:3 Received msg:353
5575:3 Received msg:354
5578:3 Received msg:355
5581:3 Received msg:356
5584:3 Received msg:357
5587:3 Received msg:358
5590:3 Received msg:359
5594:4 Received msg:360
5596:2 Received msg:361
5599:3 Received msg:362
5601:2 Received msg:363
5605:4 Received msg:364
5608:3 Received msg:365
5617:9 Received msg:366
5620:3 Received msg:367
5624:4 Received msg:368
5627:3 Received msg:369
5630:3 Received msg:370
5632:2 Received msg:371
5636:4 Received msg:372
5639:3 Received msg:373
5642:3 Received msg:374
5645:3 Received msg:375
5648:3 Received msg:376
5651:3 Received msg:377
5654:3 Received msg:378
5657:3 Received msg:379
5664:7 Received msg:380
5676:12 Received msg:381
5682:6 Received msg:382
5690:8 Received msg:383
5692:2 Received msg:384
5695:3 Received msg:385
5698:3 Received msg:386
5701:3 Received msg:387
5704:3 Received msg:388
5710:6 Received msg:389
5714:4 Received msg:390
5718:4 Received msg:391
5721:3 Received msg:392
5732:11 Received msg:393
5735:3 Received msg:394
5743:8 Received msg:395
5746:3 Received msg:396
5748:2 Received msg:397
5751:3 Received msg:398
5754:3 Received msg:399
5758:4 Received msg:400
5763:5 Received msg:401
5766:3 Received msg:402
5768:2 Received msg:403
5772:4 Received msg:404
5775:3 Received msg:405
5778:3 Received msg:406
5781:3 Received msg:407
5783:2 Received msg:408
5786:3 Received msg:409
5789:3 Received msg:410
5792:3 Received msg:411
5794:2 Received msg:412
5797:3 Received msg:413
5799:2 Received msg:414
5802:3 Received msg:415
5805:3 Received msg:416
5808:3 Received msg:417
5811:3 Received msg:418
5814:3 Received msg:419
5817:3 Received msg:420
5820:3 Received msg:421
5824:4 Received msg:422
5827:3 Received msg:423
5830:3 Received msg:424
5833:3 Received msg:425
5836:3 Received msg:426
5839:3 Received msg:427
5842:3 Received msg:428
5845:3 Received msg:429
5848:3 Received msg:430
5851:3 Received msg:431
5853:2 Received msg:432
5856:3 Received msg:433
5859:3 Received msg:434
5863:4 Received msg:435
5866:3 Received msg:436
5874:8 Received msg:437
5897:23 Received msg:438
5920:23 Received msg:439
5925:5 Received msg:440
5928:3 Received msg:441
5931:3 Received msg:442
5934:3 Received msg:443
5937:3 Received msg:444
5940:3 Received msg:445
5943:3 Received msg:446
5946:3 Received msg:447
5948:2 Received msg:448
5957:9 Received msg:449
5961:4 Received msg:450
5965:4 Received msg:451
5968:3 Received msg:452
5971:3 Received msg:453
5975:4 Received msg:454
5979:4 Received msg:455
5982:3 Received msg:456
6009:27 Received msg:457
6020:11 Received msg:458
6033:13 Received msg:459
6040:7 Received msg:460
6048:8 Received msg:461
6057:9 Received msg:462
6062:5 Received msg:463
6072:10 Received msg:464
6084:12 Received msg:465
6091:7 Received msg:466
6095:4 Received msg:467
6100:5 Received msg:468
6102:2 Received msg:469
6108:6 Received msg:470
6111:3 Received msg:471
6114:3 Received msg:472
6116:2 Received msg:473
6119:3 Received msg:474
6121:2 Received msg:475
6123:2 Received msg:476
6125:2 Received msg:477
6129:4 Received msg:478
6132:3 Received msg:479
6135:3 Received msg:480
6137:2 Received msg:481
6139:2 Received msg:482
6141:2 Received msg:483
6143:2 Received msg:484
6150:7 Received msg:485
6152:2 Received msg:486
6154:2 Received msg:487
6156:2 Received msg:488
6158:2 Received msg:489
6160:2 Received msg:490
6162:2 Received msg:491
6164:2 Received msg:492
6166:2 Received msg:493
6168:2 Received msg:494
6170:2 Received msg:495
6172:2 Received msg:496
6174:2 Received msg:497
6176:2 Received msg:498
6178:2 Received msg:499
6180:2 Received msg:500
6183:3 Received msg:501
6187:4 Received msg:502
6189:2 Received msg:503
6191:2 Received msg:504
6193:2 Received msg:505
6195:2 Received msg:506
6199:4 Received msg:507
6201:2 Received msg:508
6203:2 Received msg:509
6205:2 Received msg:510
6208:3 Received msg:511
6210:2 Received msg:512
6212:2 Received msg:513
6214:2 Received msg:514
6216:2 Received msg:515
6219:3 Received msg:516
6221:2 Received msg:517
6223:2 Received msg:518
6230:7 Received msg:519
6235:5 Received msg:520
6239:4 Received msg:521
6243:4 Received msg:522
6245:2 Received msg:523
6253:8 Received msg:524
6257:4 Received msg:525
6260:3 Received msg:526
6266:6 Received msg:527
6270:4 Received msg:528
6274:4 Received msg:529
6277:3 Received msg:530
6280:3 Received msg:531
6283:3 Received msg:532
6286:3 Received msg:533
6289:3 Received msg:534
6293:4 Received msg:535
6302:9 Received msg:536
6305:3 Received msg:537
6315:10 Received msg:538
6320:5 Received msg:539
6323:3 Received msg:540
6326:3 Received msg:541
6329:3 Received msg:542
6332:3 Received msg:543
6335:3 Received msg:544
6339:4 Received msg:545
6342:3 Received msg:546
6345:3 Received msg:547
6352:7 Received msg:548
6354:2 Received msg:549
6357:3 Received msg:550
6360:3 Received msg:551
6363:3 Received msg:552
6365:2 Received msg:553
6368:3 Received msg:554
6370:2 Received msg:555
6372:2 Received msg:556
6374:2 Received msg:557
6377:3 Received msg:558
6379:2 Received msg:559
6381:2 Received msg:560
6383:2 Received msg:561
6385:2 Received msg:562
6389:4 Received msg:563
6392:3 Received msg:564
6394:2 Received msg:565
6396:2 Received msg:566
6401:5 Received msg:567
6403:2 Received msg:568
6406:3 Received msg:569
6410:4 Received msg:570
6413:3 Received msg:571
6416:3 Received msg:572
6418:2 Received msg:573
6420:2 Received msg:574
6422:2 Received msg:575
6424:2 Received msg:576
6426:2 Received msg:577
6429:3 Received msg:578
6432:3 Received msg:579
6434:2 Received msg:580
6438:4 Received msg:581
6441:3 Received msg:582
6444:3 Received msg:583
6447:3 Received msg:584
6453:6 Received msg:585
6459:6 Received msg:586
6462:3 Received msg:587
6465:3 Received msg:588
6468:3 Received msg:589
6471:3 Received msg:590
6475:4 Received msg:591
6478:3 Received msg:592
6480:2 Received msg:593
6483:3 Received msg:594
6486:3 Received msg:595
6489:3 Received msg:596
6492:3 Received msg:597
6495:3 Received msg:598
6498:3 Received msg:599
6500:2 Received msg:600
6504:4 Received msg:601
6507:3 Received msg:602
6510:3 Received msg:603
6513:3 Received msg:604
6515:2 Received msg:605
6518:3 Received msg:606
6529:11 Received msg:607
6532:3 Received msg:608
6535:3 Received msg:609
6538:3 Received msg:610
6542:4 Received msg:611
6545:3 Received msg:612
6551:6 Received msg:613
6558:7 Received msg:614
6562:4 Received msg:615
6565:3 Received msg:616
6569:4 Received msg:617
6571:2 Received msg:618
6574:3 Received msg:619
6576:2 Received msg:620
6578:2 Received msg:621
6581:3 Received msg:622
6583:2 Received msg:623
6585:2 Received msg:624
6588:3 Received msg:625
6590:2 Received msg:626
6592:2 Received msg:627
6594:2 Received msg:628
6596:2 Received msg:629
6601:5 Received msg:630
6603:2 Received msg:631
6605:2 Received msg:632
6607:2 Received msg:633
6609:2 Received msg:634
6611:2 Received msg:635
6613:2 Received msg:636
6615:2 Received msg:637
6617:2 Received msg:638
6619:2 Received msg:639
6622:3 Received msg:640
6624:2 Received msg:641
6626:2 Received msg:642
6628:2 Received msg:643
6630:2 Received msg:644
6632:2 Received msg:645
6634:2 Received msg:646
6636:2 Received msg:647
6638:2 Received msg:648
6640:2 Received msg:649
6642:2 Received msg:650
6644:2 Received msg:651
6646:2 Received msg:652
6653:7 Received msg:653
6654:1 Received msg:654
6659:5 Received msg:655
6662:3 Received msg:656
6665:3 Received msg:657
6668:3 Received msg:658
6671:3 Received msg:659
6674:3 Received msg:660
6677:3 Received msg:661
6680:3 Received msg:662
6684:4 Received msg:663
6687:3 Received msg:664
6689:2 Received msg:665
6692:3 Received msg:666
6696:4 Received msg:667
6704:8 Received msg:668
6707:3 Received msg:669
6710:3 Received msg:670
6714:4 Received msg:671
6717:3 Received msg:672
6720:3 Received msg:673
6723:3 Received msg:674
6726:3 Received msg:675
6729:3 Received msg:676
6732:3 Received msg:677
6735:3 Received msg:678
6737:2 Received msg:679
6739:2 Received msg:680
6743:4 Received msg:681
6746:3 Received msg:682
6753:7 Received msg:683
6756:3 Received msg:684
6759:3 Received msg:685
6765:6 Received msg:686
6768:3 Received msg:687
6770:2 Received msg:688
6773:3 Received msg:689
6775:2 Received msg:690
6778:3 Received msg:691
6782:4 Received msg:692
6786:4 Received msg:693
6789:3 Received msg:694
6792:3 Received msg:695
6794:2 Received msg:696
6796:2 Received msg:697
6802:6 Received msg:698
6804:2 Received msg:699
6806:2 Received msg:700
6810:4 Received msg:701
6812:2 Received msg:702
6814:2 Received msg:703
6816:2 Received msg:704
6818:2 Received msg:705
6820:2 Received msg:706
6823:3 Received msg:707
6825:2 Received msg:708
6828:3 Received msg:709
6830:2 Received msg:710
6832:2 Received msg:711
6834:2 Received msg:712
6836:2 Received msg:713
6838:2 Received msg:714
6840:2 Received msg:715
6842:2 Received msg:716
6844:2 Received msg:717
6846:2 Received msg:718
6848:2 Received msg:719
6853:5 Received msg:720
6855:2 Received msg:721
6857:2 Received msg:722
6860:3 Received msg:723
6865:5 Received msg:724
6869:4 Received msg:725
6873:4 Received msg:726
6876:3 Received msg:727
6879:3 Received msg:728
6883:4 Received msg:729
6887:4 Received msg:730
6890:3 Received msg:731
6893:3 Received msg:732
6896:3 Received msg:733
6900:4 Received msg:734
6904:4 Received msg:735
6907:3 Received msg:736
6910:3 Received msg:737
6915:5 Received msg:738
6920:5 Received msg:739
6926:6 Received msg:740
6931:5 Received msg:741
6937:6 Received msg:742
6940:3 Received msg:743
6942:2 Received msg:744
6946:4 Received msg:745
6950:4 Received msg:746
6953:3 Received msg:747
6956:3 Received msg:748
6960:4 Received msg:749
6964:4 Received msg:750
6966:2 Received msg:751
6969:3 Received msg:752
6973:4 Received msg:753
6976:3 Received msg:754
6979:3 Received msg:755
6981:2 Received msg:756
6984:3 Received msg:757
6989:5 Received msg:758
6992:3 Received msg:759
6995:3 Received msg:760
6997:2 Received msg:761
7003:6 Received msg:762
7005:2 Received msg:763
7007:2 Received msg:764
7010:3 Received msg:765
7013:3 Received msg:766
7016:3 Received msg:767
7018:2 Received msg:768
7020:2 Received msg:769
7023:3 Received msg:770
7025:2 Received msg:771
7027:2 Received msg:772
7030:3 Received msg:773
7032:2 Received msg:774
7033:1 Received msg:775
7036:3 Received msg:776
7041:5 Received msg:777
7043:2 Received msg:778
7045:2 Received msg:779
7047:2 Received msg:780
7052:5 Received msg:781
7057:5 Received msg:782
7060:3 Received msg:783
7063:3 Received msg:784
7065:2 Received msg:785
7067:2 Received msg:786
7070:3 Received msg:787
7072:2 Received msg:788
7075:3 Received msg:789
7079:4 Received msg:790
7082:3 Received msg:791
7085:3 Received msg:792
7088:3 Received msg:793
7091:3 Received msg:794
7094:3 Received msg:795
7097:3 Received msg:796
7100:3 Received msg:797
7103:3 Received msg:798
7106:3 Received msg:799
7109:3 Received msg:800
7111:2 Received msg:801
7114:3 Received msg:802
7117:3 Received msg:803
7120:3 Received msg:804
7124:4 Received msg:805
7126:2 Received msg:806
7132:6 Received msg:807
7135:3 Received msg:808
7138:3 Received msg:809
7140:2 Received msg:810
7142:2 Received msg:811
7144:2 Received msg:812
7146:2 Received msg:813
7149:3 Received msg:814
7156:7 Received msg:815
7159:3 Received msg:816
7162:3 Received msg:817
7164:2 Received msg:818
7170:6 Received msg:819
7173:3 Received msg:820
7177:4 Received msg:821
7180:3 Received msg:822
7184:4 Received msg:823
7188:4 Received msg:824
7191:3 Received msg:825
7194:3 Received msg:826
7196:2 Received msg:827
7199:3 Received msg:828
7204:5 Received msg:829
7207:3 Received msg:830
7226:19 Received msg:831
7229:3 Received msg:832
7232:3 Received msg:833
7234:2 Received msg:834
7237:3 Received msg:835
7239:2 Received msg:836
7241:2 Received msg:837
7243:2 Received msg:838
7246:3 Received msg:839
7248:2 Received msg:840
7250:2 Received msg:841
7253:3 Received msg:842
7256:3 Received msg:843
7258:2 Received msg:844
7261:3 Received msg:845
7263:2 Received msg:846
7265:2 Received msg:847
7268:3 Received msg:848
7270:2 Received msg:849
7272:2 Received msg:850
7274:2 Received msg:851
7277:3 Received msg:852
7280:3 Received msg:853
7284:4 Received msg:854
7288:4 Received msg:855
7292:4 Received msg:856
7296:4 Received msg:857
7304:8 Received msg:858
7311:7 Received msg:859
7316:5 Received msg:860
7318:2 Received msg:861
7321:3 Received msg:862
7324:3 Received msg:863
7327:3 Received msg:864
7330:3 Received msg:865
7332:2 Received msg:866
7336:4 Received msg:867
7339:3 Received msg:868
7342:3 Received msg:869
7347:5 Received msg:870
7353:6 Received msg:871
7357:4 Received msg:872
7363:6 Received msg:873
7366:3 Received msg:874
7370:4 Received msg:875
7374:4 Received msg:876
7379:5 Received msg:877
7382:3 Received msg:878
7385:3 Received msg:879
7388:3 Received msg:880
7394:6 Received msg:881
7397:3 Received msg:882
7400:3 Received msg:883
7405:5 Received msg:884
7407:2 Received msg:885
7409:2 Received msg:886
7412:3 Received msg:887
7415:3 Received msg:888
7418:3 Received msg:889
7420:2 Received msg:890
7424:4 Received msg:891
7427:3 Received msg:892
7431:4 Received msg:893
7434:3 Received msg:894
7436:2 Received msg:895
7438:2 Received msg:896
7441:3 Received msg:897
7443:2 Received msg:898
7445:2 Received msg:899
7447:2 Received msg:900
7449:2 Received msg:901
7453:4 Received msg:902
7456:3 Received msg:903
7458:2 Received msg:904
7460:2 Received msg:905
7462:2 Received msg:906
7464:2 Received msg:907
7466:2 Received msg:908
7468:2 Received msg:909
7470:2 Received msg:910
7472:2 Received msg:911
7474:2 Received msg:912
7477:3 Received msg:913
7479:2 Received msg:914
7481:2 Received msg:915
7483:2 Received msg:916
7485:2 Received msg:917
7487:2 Received msg:918
7489:2 Received msg:919
7490:1 Received msg:920
7492:2 Received msg:921
7497:5 Received msg:922
7500:3 Received msg:923
7506:6 Received msg:924
7510:4 Received msg:925
7512:2 Received msg:926
7516:4 Received msg:927
7519:3 Received msg:928
7523:4 Received msg:929
7529:6 Received msg:930
7533:4 Received msg:931
7537:4 Received msg:932
7540:3 Received msg:933
7544:4 Received msg:934
7546:2 Received msg:935
7548:2 Received msg:936
7550:2 Received msg:937
7557:7 Received msg:938
7560:3 Received msg:939
7564:4 Received msg:940
7568:4 Received msg:941
7574:6 Received msg:942
7580:6 Received msg:943
7584:4 Received msg:944
7586:2 Received msg:945
7589:3 Received msg:946
7593:4 Received msg:947
7596:3 Received msg:948
7601:5 Received msg:949
7605:4 Received msg:950
7608:3 Received msg:951
7612:4 Received msg:952
7615:3 Received msg:953
7618:3 Received msg:954
7620:2 Received msg:955
7622:2 Received msg:956
7624:2 Received msg:957
7627:3 Received msg:958
7633:6 Received msg:959
7636:3 Received msg:960
7638:2 Received msg:961
7640:2 Received msg:962
7643:3 Received msg:963
7649:6 Received msg:964
7651:2 Received msg:965
7654:3 Received msg:966
7657:3 Received msg:967
7659:2 Received msg:968
7662:3 Received msg:969
7665:3 Received msg:970
7668:3 Received msg:971
7670:2 Received msg:972
7672:2 Received msg:973
7674:2 Received msg:974
7676:2 Received msg:975
7679:3 Received msg:976
7682:3 Received msg:977
7685:3 Received msg:978
7691:6 Received msg:979
7693:2 Received msg:980
7695:2 Received msg:981
7697:2 Received msg:982
7700:3 Received msg:983
7701:1 Received msg:984
7706:5 Received msg:985
7708:2 Received msg:986
7713:5 Received msg:987
7716:3 Received msg:988
7718:2 Received msg:989
7721:3 Received msg:990
7724:3 Received msg:991
7727:3 Received msg:992
7730:3 Received msg:993
7733:3 Received msg:994
7736:3 Received msg:995
7739:3 Received msg:996
7741:2 Received msg:997
7744:3 Received msg:998
7747:3 Received msg:999
Pending test 'Can receive previous retained messages'

Timestamp reset
0 Connected
Can ping back messages to test roundtrip time
18:18 Subscribed
18:0 Sending msg:0
37:19 Received msg:0
37:0 Sending msg:1
63:26 Received msg:1
63:0 Sending msg:2
77:14 Received msg:2
77:0 Sending msg:3
92:15 Received msg:3
92:0 Sending msg:4
107:15 Received msg:4
107:0 Sending msg:5
126:19 Received msg:5
126:0 Sending msg:6
139:13 Received msg:6
139:0 Sending msg:7
147:8 Received msg:7
147:0 Sending msg:8
158:11 Received msg:8
158:0 Sending msg:9
167:9 Received msg:9
167:0 Sending msg:10
179:12 Received msg:10
179:0 Sending msg:11
186:7 Received msg:11
187:1 Sending msg:12
194:7 Received msg:12
194:0 Sending msg:13
243:49 Received msg:13
243:0 Sending msg:14
256:13 Received msg:14
256:0 Sending msg:15
279:23 Received msg:15
279:0 Sending msg:16
313:34 Received msg:16
313:0 Sending msg:17
330:17 Received msg:17
330:0 Sending msg:18
347:17 Received msg:18
347:0 Sending msg:19
360:13 Received msg:19
360:0 Sending msg:20
372:12 Received msg:20
373:1 Sending msg:21
380:7 Received msg:21
380:0 Sending msg:22
388:8 Received msg:22
389:1 Sending msg:23
400:11 Received msg:23
400:0 Sending msg:24
414:14 Received msg:24
414:0 Sending msg:25
426:12 Received msg:25
426:0 Sending msg:26
439:13 Received msg:26
440:1 Sending msg:27
449:9 Received msg:27
449:0 Sending msg:28
465:16 Received msg:28
465:0 Sending msg:29
479:14 Received msg:29
479:0 Sending msg:30
491:12 Received msg:30
491:0 Sending msg:31
503:12 Received msg:31
504:1 Sending msg:32
521:17 Received msg:32
521:0 Sending msg:33
536:15 Received msg:33
536:0 Sending msg:34
549:13 Received msg:34
549:0 Sending msg:35
562:13 Received msg:35
562:0 Sending msg:36
574:12 Received msg:36
574:0 Sending msg:37
586:12 Received msg:37
586:0 Sending msg:38
594:8 Received msg:38
594:0 Sending msg:39
604:10 Received msg:39
604:0 Sending msg:40
614:10 Received msg:40
614:0 Sending msg:41
622:8 Received msg:41
622:0 Sending msg:42
645:23 Received msg:42
645:0 Sending msg:43
657:12 Received msg:43
657:0 Sending msg:44
685:28 Received msg:44
685:0 Sending msg:45
701:16 Received msg:45
701:0 Sending msg:46
715:14 Received msg:46
715:0 Sending msg:47
724:9 Received msg:47
725:1 Sending msg:48
740:15 Received msg:48
740:0 Sending msg:49
750:10 Received msg:49
750:0 Sending msg:50
758:8 Received msg:50
761:3 Sending msg:51
771:10 Received msg:51
772:1 Sending msg:52
782:10 Received msg:52
782:0 Sending msg:53
789:7 Received msg:53
789:0 Sending msg:54
799:10 Received msg:54
799:0 Sending msg:55
812:13 Received msg:55
813:1 Sending msg:56
820:7 Received msg:56
820:0 Sending msg:57
830:10 Received msg:57
830:0 Sending msg:58
836:6 Received msg:58
836:0 Sending msg:59
842:6 Received msg:59
843:1 Sending msg:60
849:6 Received msg:60
849:0 Sending msg:61
862:13 Received msg:61
862:0 Sending msg:62
882:20 Received msg:62
882:0 Sending msg:63
899:17 Received msg:63
899:0 Sending msg:64
953:54 Received msg:64
953:0 Sending msg:65
1012:59 Received msg:65
1012:0 Sending msg:66
1021:9 Received msg:66
1021:0 Sending msg:67
1029:8 Received msg:67
1029:0 Sending msg:68
1036:7 Received msg:68
1036:0 Sending msg:69
1043:7 Received msg:69
1043:0 Sending msg:70
1049:6 Received msg:70
1049:0 Sending msg:71
1056:7 Received msg:71
1056:0 Sending msg:72
1065:9 Received msg:72
1065:0 Sending msg:73
1076:11 Received msg:73
1077:1 Sending msg:74
1090:13 Received msg:74
1090:0 Sending msg:75
1103:13 Received msg:75
1103:0 Sending msg:76
1118:15 Received msg:76
1118:0 Sending msg:77
1132:14 Received msg:77
1132:0 Sending msg:78
1139:7 Received msg:78
1139:0 Sending msg:79
1147:8 Received msg:79
1147:0 Sending msg:80
1162:15 Received msg:80
1162:0 Sending msg:81
1174:12 Received msg:81
1174:0 Sending msg:82
1186:12 Received msg:82
1186:0 Sending msg:83
1197:11 Received msg:83
1197:0 Sending msg:84
1205:8 Received msg:84
1205:0 Sending msg:85
1216:11 Received msg:85
1216:0 Sending msg:86
1224:8 Received msg:86
1224:0 Sending msg:87
1230:6 Received msg:87
1230:0 Sending msg:88
1236:6 Received msg:88
1236:0 Sending msg:89
1243:7 Received msg:89
1243:0 Sending msg:90
1254:11 Received msg:90
1254:0 Sending msg:91
1264:10 Received msg:91
1264:0 Sending msg:92
1273:9 Received msg:92
1273:0 Sending msg:93
1279:6 Received msg:93
1279:0 Sending msg:94
1288:9 Received msg:94
1289:1 Sending msg:95
1306:17 Received msg:95
1306:0 Sending msg:96
1320:14 Received msg:96
1320:0 Sending msg:97
1334:14 Received msg:97
1334:0 Sending msg:98
1341:7 Received msg:98
1341:0 Sending msg:99
1360:19 Received msg:99
1360:0 Sending msg:100
1371:11 Received msg:100
1372:1 Sending msg:101
1381:9 Received msg:101
1381:0 Sending msg:102
1388:7 Received msg:102
1388:0 Sending msg:103
1398:10 Received msg:103
1398:0 Sending msg:104
1416:18 Received msg:104
1417:1 Sending msg:105
1428:11 Received msg:105
1428:0 Sending msg:106
1434:6 Received msg:106
1434:0 Sending msg:107
1441:7 Received msg:107
1441:0 Sending msg:108
1447:6 Received msg:108
1447:0 Sending msg:109
1453:6 Received msg:109
1454:1 Sending msg:110
1463:9 Received msg:110
1463:0 Sending msg:111
1469:6 Received msg:111
1469:0 Sending msg:112
1479:10 Received msg:112
1479:0 Sending msg:113
1485:6 Received msg:113
1485:0 Sending msg:114
1491:6 Received msg:114
1491:0 Sending msg:115
1500:9 Received msg:115
1500:0 Sending msg:116
1510:10 Received msg:116
1510:0 Sending msg:117
1522:12 Received msg:117
1522:0 Sending msg:118
1547:25 Received msg:118
1547:0 Sending msg:119
1572:25 Received msg:119
1572:0 Sending msg:120
1580:8 Received msg:120
1581:1 Sending msg:121
1593:12 Received msg:121
1593:0 Sending msg:122
1603:10 Received msg:122
1603:0 Sending msg:123
1621:18 Received msg:123
1621:0 Sending msg:124
1632:11 Received msg:124
1632:0 Sending msg:125
1638:6 Received msg:125
1639:1 Sending msg:126
1649:10 Received msg:126
1649:0 Sending msg:127
1656:7 Received msg:127
1656:0 Sending msg:128
1671:15 Received msg:128
1671:0 Sending msg:129
1684:13 Received msg:129
1685:1 Sending msg:130
1704:19 Received msg:130
1704:0 Sending msg:131
1720:16 Received msg:131
1721:1 Sending msg:132
1734:13 Received msg:132
1735:1 Sending msg:133
1748:13 Received msg:133
1748:0 Sending msg:134
1755:7 Received msg:134
1755:0 Sending msg:135
1766:11 Received msg:135
1766:0 Sending msg:136
1775:9 Received msg:136
1775:0 Sending msg:137
1789:14 Received msg:137
1789:0 Sending msg:138
1801:12 Received msg:138
1801:0 Sending msg:139
1811:10 Received msg:139
1811:0 Sending msg:140
1820:9 Received msg:140
1820:0 Sending msg:141
1830:10 Received msg:141
1830:0 Sending msg:142
1842:12 Received msg:142
1842:0 Sending msg:143
1852:10 Received msg:143
1852:0 Sending msg:144
1867:15 Received msg:144
1867:0 Sending msg:145
1881:14 Received msg:145
1881:0 Sending msg:146
1891:10 Received msg:146
1891:0 Sending msg:147
1898:7 Received msg:147
1898:0 Sending msg:148
1904:6 Received msg:148
1904:0 Sending msg:149
1913:9 Received msg:149
1913:0 Sending msg:150
1919:6 Received msg:150
1919:0 Sending msg:151
1926:7 Received msg:151
1926:0 Sending msg:152
1933:7 Received msg:152
1933:0 Sending msg:153
1939:6 Received msg:153
1939:0 Sending msg:154
1945:6 Received msg:154
1945:0 Sending msg:155
1952:7 Received msg:155
1952:0 Sending msg:156
1961:9 Received msg:156
1961:0 Sending msg:157
1967:6 Received msg:157
1967:0 Sending msg:158
1976:9 Received msg:158
1976:0 Sending msg:159
1983:7 Received msg:159
1983:0 Sending msg:160
1989:6 Received msg:160
1989:0 Sending msg:161
2001:12 Received msg:161
2002:1 Sending msg:162
2017:15 Received msg:162
2017:0 Sending msg:163
2028:11 Received msg:163
2028:0 Sending msg:164
2036:8 Received msg:164
2036:0 Sending msg:165
2047:11 Received msg:165
2047:0 Sending msg:166
2057:10 Received msg:166
2057:0 Sending msg:167
2069:12 Received msg:167
2069:0 Sending msg:168
2083:14 Received msg:168
2083:0 Sending msg:169
2089:6 Received msg:169
2089:0 Sending msg:170
2099:10 Received msg:170
2099:0 Sending msg:171
2113:14 Received msg:171
2113:0 Sending msg:172
2126:13 Received msg:172
2126:0 Sending msg:173
2133:7 Received msg:173
2133:0 Sending msg:174
2142:9 Received msg:174
2142:0 Sending msg:175
2149:7 Received msg:175
2149:0 Sending msg:176
2156:7 Received msg:176
2156:0 Sending msg:177
2168:12 Received msg:177
2168:0 Sending msg:178
2177:9 Received msg:178
2177:0 Sending msg:179
2190:13 Received msg:179
2190:0 Sending msg:180
2198:8 Received msg:180
2198:0 Sending msg:181
2204:6 Received msg:181
2204:0 Sending msg:182
2214:10 Received msg:182
2214:0 Sending msg:183
2222:8 Received msg:183
2222:0 Sending msg:184
2237:15 Received msg:184
2237:0 Sending msg:185
2246:9 Received msg:185
2247:1 Sending msg:186
2260:13 Received msg:186
2260:0 Sending msg:187
2273:13 Received msg:187
2273:0 Sending msg:188
2282:9 Received msg:188
2282:0 Sending msg:189
2293:11 Received msg:189
2293:0 Sending msg:190
2305:12 Received msg:190
2305:0 Sending msg:191
2318:13 Received msg:191
2318:0 Sending msg:192
2328:10 Received msg:192
2328:0 Sending msg:193
2339:11 Received msg:193
2339:0 Sending msg:194
2347:8 Received msg:194
2347:0 Sending msg:195
2367:20 Received msg:195
2367:0 Sending msg:196
2402:35 Received msg:196
2402:0 Sending msg:197
2417:15 Received msg:197
2417:0 Sending msg:198
2426:9 Received msg:198
2426:0 Sending msg:199
2435:9 Received msg:199
2435:0 Sending msg:200
2441:6 Received msg:200
2441:0 Sending msg:201
2447:6 Received msg:201
2447:0 Sending msg:202
2456:9 Received msg:202
2457:1 Sending msg:203
2468:11 Received msg:203
2468:0 Sending msg:204
2478:10 Received msg:204
2478:0 Sending msg:205
2488:10 Received msg:205
2488:0 Sending msg:206
2501:13 Received msg:206
2501:0 Sending msg:207
2507:6 Received msg:207
2507:0 Sending msg:208
2521:14 Received msg:208
2521:0 Sending msg:209
2534:13 Received msg:209
2534:0 Sending msg:210
2546:12 Received msg:210
2546:0 Sending msg:211
2558:12 Received msg:211
2558:0 Sending msg:212
2569:11 Received msg:212
2569:0 Sending msg:213
2579:10 Received msg:213
2579:0 Sending msg:214
2588:9 Received msg:214
2589:1 Sending msg:215
2595:6 Received msg:215
2595:0 Sending msg:216
2601:6 Received msg:216
2601:0 Sending msg:217
2607:6 Received msg:217
2607:0 Sending msg:218
2617:10 Received msg:218
2617:0 Sending msg:219
2623:6 Received msg:219
2623:0 Sending msg:220
2630:7 Received msg:220
2630:0 Sending msg:221
2641:11 Received msg:221
2641:0 Sending msg:222
2650:9 Received msg:222
2650:0 Sending msg:223
2657:7 Received msg:223
2657:0 Sending msg:224
2666:9 Received msg:224
2666:0 Sending msg:225
2673:7 Received msg:225
2674:1 Sending msg:226
2686:12 Received msg:226
2686:0 Sending msg:227
2697:11 Received msg:227
2697:0 Sending msg:228
2710:13 Received msg:228
2711:1 Sending msg:229
2720:9 Received msg:229
2720:0 Sending msg:230
2728:8 Received msg:230
2728:0 Sending msg:231
2740:12 Received msg:231
2740:0 Sending msg:232
2754:14 Received msg:232
2754:0 Sending msg:233
2766:12 Received msg:233
2767:1 Sending msg:234
2781:14 Received msg:234
2781:0 Sending msg:235
2795:14 Received msg:235
2795:0 Sending msg:236
2805:10 Received msg:236
2805:0 Sending msg:237
2817:12 Received msg:237
2817:0 Sending msg:238
2823:6 Received msg:238
2823:0 Sending msg:239
2832:9 Received msg:239
2832:0 Sending msg:240
2840:8 Received msg:240
2840:0 Sending msg:241
2847:7 Received msg:241
2847:0 Sending msg:242
2853:6 Received msg:242
2854:1 Sending msg:243
2860:6 Received msg:243
2860:0 Sending msg:244
2871:11 Received msg:244
2871:0 Sending msg:245
2879:8 Received msg:245
2879:0 Sending msg:246
2886:7 Received msg:246
2886:0 Sending msg:247
2893:7 Received msg:247
2893:0 Sending msg:248
2903:10 Received msg:248
2903:0 Sending msg:249
2916:13 Received msg:249
2916:0 Sending msg:250
2930:14 Received msg:250
2930:0 Sending msg:251
2941:11 Received msg:251
2941:0 Sending msg:252
2951:10 Received msg:252
2951:0 Sending msg:253
2966:15 Received msg:253
2966:0 Sending msg:254
2977:11 Received msg:254
2977:0 Sending msg:255
2988:11 Received msg:255
2988:0 Sending msg:256
2999:11 Received msg:256
2999:0 Sending msg:257
3010:11 Received msg:257
3010:0 Sending msg:258
3027:17 Received msg:258
3027:0 Sending msg:259
3036:9 Received msg:259
3036:0 Sending msg:260
3046:10 Received msg:260
3046:0 Sending msg:261
3053:7 Received msg:261
3053:0 Sending msg:262
3060:7 Received msg:262
3060:0 Sending msg:263
3069:9 Received msg:263
3069:0 Sending msg:264
3076:7 Received msg:264
3077:1 Sending msg:265
3084:7 Received msg:265
3084:0 Sending msg:266
3091:7 Received msg:266
3091:0 Sending msg:267
3100:9 Received msg:267
3100:0 Sending msg:268
3111:11 Received msg:268
3111:0 Sending msg:269
3126:15 Received msg:269
3127:1 Sending msg:270
3140:13 Received msg:270
3140:0 Sending msg:271
3150:10 Received msg:271
3150:0 Sending msg:272
3160:10 Received msg:272
3160:0 Sending msg:273
3175:15 Received msg:273
3175:0 Sending msg:274
3187:12 Received msg:274
3187:0 Sending msg:275
3196:9 Received msg:275
3196:0 Sending msg:276
3206:10 Received msg:276
3206:0 Sending msg:277
3224:18 Received msg:277
3224:0 Sending msg:278
3234:10 Received msg:278
3235:1 Sending msg:279
3241:6 Received msg:279
3242:1 Sending msg:280
3248:6 Received msg:280
3249:1 Sending msg:281
3255:6 Received msg:281
3255:0 Sending msg:282
3262:7 Received msg:282
3262:0 Sending msg:283
3271:9 Received msg:283
3271:0 Sending msg:284
3278:7 Received msg:284
3278:0 Sending msg:285
3289:11 Received msg:285
3289:0 Sending msg:286
3304:15 Received msg:286
3304:0 Sending msg:287
3317:13 Received msg:287
3317:0 Sending msg:288
3325:8 Received msg:288
3325:0 Sending msg:289
3333:8 Received msg:289
3333:0 Sending msg:290
3343:10 Received msg:290
3343:0 Sending msg:291
3356:13 Received msg:291
3356:0 Sending msg:292
3369:13 Received msg:292
3369:0 Sending msg:293
3377:8 Received msg:293
3377:0 Sending msg:294
3388:11 Received msg:294
3388:0 Sending msg:295
3398:10 Received msg:295
3398:0 Sending msg:296
3411:13 Received msg:296
3411:0 Sending msg:297
3437:26 Received msg:297
3437:0 Sending msg:298
3447:10 Received msg:298
3447:0 Sending msg:299
3462:15 Received msg:299
3462:0 Sending msg:300
3473:11 Received msg:300
3473:0 Sending msg:301
3482:9 Received msg:301
3483:1 Sending msg:302
3491:8 Received msg:302
3491:0 Sending msg:303
3499:8 Received msg:303
3499:0 Sending msg:304
3507:8 Received msg:304
3507:0 Sending msg:305
3521:14 Received msg:305
3521:0 Sending msg:306
3531:10 Received msg:306
3531:0 Sending msg:307
3538:7 Received msg:307
3539:1 Sending msg:308
3547:8 Received msg:308
3548:1 Sending msg:309
3561:13 Received msg:309
3562:1 Sending msg:310
3599:37 Received msg:310
3599:0 Sending msg:311
3610:11 Received msg:311
3611:1 Sending msg:312
3628:17 Received msg:312
3628:0 Sending msg:313
3640:12 Received msg:313
3640:0 Sending msg:314
3651:11 Received msg:314
3652:1 Sending msg:315
3669:17 Received msg:315
3669:0 Sending msg:316
3679:10 Received msg:316
3679:0 Sending msg:317
3689:10 Received msg:317
3691:2 Sending msg:318
3698:7 Received msg:318
3698:0 Sending msg:319
3706:8 Received msg:319
3707:1 Sending msg:320
3719:12 Received msg:320
3719:0 Sending msg:321
3728:9 Received msg:321
3728:0 Sending msg:322
3737:9 Received msg:322
3737:0 Sending msg:323
3746:9 Received msg:323
3746:0 Sending msg:324
3754:8 Received msg:324
3754:0 Sending msg:325
3763:9 Received msg:325
3763:0 Sending msg:326
3776:13 Received msg:326
3776:0 Sending msg:327
3788:12 Received msg:327
3788:0 Sending msg:328
3801:13 Received msg:328
3801:0 Sending msg:329
3815:14 Received msg:329
3815:0 Sending msg:330
3830:15 Received msg:330
3831:1 Sending msg:331
3841:10 Received msg:331
3842:1 Sending msg:332
3854:12 Received msg:332
3854:0 Sending msg:333
3867:13 Received msg:333
3867:0 Sending msg:334
3881:14 Received msg:334
3881:0 Sending msg:335
3892:11 Received msg:335
3892:0 Sending msg:336
3900:8 Received msg:336
3900:0 Sending msg:337
3909:9 Received msg:337
3909:0 Sending msg:338
3917:8 Received msg:338
3917:0 Sending msg:339
3930:13 Received msg:339
3930:0 Sending msg:340
3940:10 Received msg:340
3940:0 Sending msg:341
3950:10 Received msg:341
3950:0 Sending msg:342
3959:9 Received msg:342
3960:1 Sending msg:343
3969:9 Received msg:343
3969:0 Sending msg:344
3980:11 Received msg:344
3981:1 Sending msg:345
3991:10 Received msg:345
3991:0 Sending msg:346
4008:17 Received msg:346
4008:0 Sending msg:347
4020:12 Received msg:347
4020:0 Sending msg:348
4042:22 Received msg:348
4042:0 Sending msg:349
4054:12 Received msg:349
4054:0 Sending msg:350
4067:13 Received msg:350
4067:0 Sending msg:351
4086:19 Received msg:351
4086:0 Sending msg:352
4098:12 Received msg:352
4098:0 Sending msg:353
4110:12 Received msg:353
4110:0 Sending msg:354
4119:9 Received msg:354
4119:0 Sending msg:355
4134:15 Received msg:355
4134:0 Sending msg:356
4143:9 Received msg:356
4143:0 Sending msg:357
4152:9 Received msg:357
4152:0 Sending msg:358
4161:9 Received msg:358
4162:1 Sending msg:359
4170:8 Received msg:359
4170:0 Sending msg:360
4181:11 Received msg:360
4181:0 Sending msg:361
4189:8 Received msg:361
4190:1 Sending msg:362
4210:20 Received msg:362
4211:1 Sending msg:363
4228:17 Received msg:363
4228:0 Sending msg:364
4243:15 Received msg:364
4243:0 Sending msg:365
4255:12 Received msg:365
4255:0 Sending msg:366
4265:10 Received msg:366
4266:1 Sending msg:367
4299:33 Received msg:367
4299:0 Sending msg:368
4314:15 Received msg:368
4314:0 Sending msg:369
4327:13 Received msg:369
4328:1 Sending msg:370
4344:16 Received msg:370
4344:0 Sending msg:371
4356:12 Received msg:371
4357:1 Sending msg:372
4366:9 Received msg:372
4366:0 Sending msg:373
4381:15 Received msg:373
4381:0 Sending msg:374
4389:8 Received msg:374
4389:0 Sending msg:375
4398:9 Received msg:375
4398:0 Sending msg:376
4416:18 Received msg:376
4416:0 Sending msg:377
4426:10 Received msg:377
4427:1 Sending msg:378
4436:9 Received msg:378
4436:0 Sending msg:379
4451:15 Received msg:379
4451:0 Sending msg:380
4468:17 Received msg:380
4468:0 Sending msg:381
4480:12 Received msg:381
4481:1 Sending msg:382
4493:12 Received msg:382
4493:0 Sending msg:383
4509:16 Received msg:383
4510:1 Sending msg:384
4521:11 Received msg:384
4521:0 Sending msg:385
4538:17 Received msg:385
4539:1 Sending msg:386
4551:12 Received msg:386
4552:1 Sending msg:387
4561:9 Received msg:387
4561:0 Sending msg:388
4572:11 Received msg:388
4573:1 Sending msg:389
4583:10 Received msg:389
4583:0 Sending msg:390
4592:9 Received msg:390
4592:0 Sending msg:391
4602:10 Received msg:391
4602:0 Sending msg:392
4616:14 Received msg:392
4617:1 Sending msg:393
4633:16 Received msg:393
4633:0 Sending msg:394
4642:9 Received msg:394
4642:0 Sending msg:395
4650:8 Received msg:395
4650:0 Sending msg:396
4659:9 Received msg:396
4659:0 Sending msg:397
4677:18 Received msg:397
4677:0 Sending msg:398
4689:12 Received msg:398
4689:0 Sending msg:399
4699:10 Received msg:399
4699:0 Sending msg:400
4712:13 Received msg:400
4712:0 Sending msg:401
4724:12 Received msg:401
4724:0 Sending msg:402
4741:17 Received msg:402
4741:0 Sending msg:403
4751:10 Received msg:403
4751:0 Sending msg:404
4761:10 Received msg:404
4761:0 Sending msg:405
4774:13 Received msg:405
4774:0 Sending msg:406
4785:11 Received msg:406
4785:0 Sending msg:407
4796:11 Received msg:407
4796:0 Sending msg:408
4807:11 Received msg:408
4807:0 Sending msg:409
4814:7 Received msg:409
4815:1 Sending msg:410
4826:11 Received msg:410
4826:0 Sending msg:411
4835:9 Received msg:411
4835:0 Sending msg:412
4842:7 Received msg:412
4843:1 Sending msg:413
4851:8 Received msg:413
4851:0 Sending msg:414
4863:12 Received msg:414
4863:0 Sending msg:415
4877:14 Received msg:415
4877:0 Sending msg:416
4890:13 Received msg:416
4891:1 Sending msg:417
4904:13 Received msg:417
4904:0 Sending msg:418
4915:11 Received msg:418
4915:0 Sending msg:419
4927:12 Received msg:419
4928:1 Sending msg:420
4946:18 Received msg:420
4946:0 Sending msg:421
4957:11 Received msg:421
4957:0 Sending msg:422
4968:11 Received msg:422
4968:0 Sending msg:423
4982:14 Received msg:423
4982:0 Sending msg:424
4995:13 Received msg:424
4996:1 Sending msg:425
5007:11 Received msg:425
5007:0 Sending msg:426
5015:8 Received msg:426
5015:0 Sending msg:427
5025:10 Received msg:427
5026:1 Sending msg:428
5035:9 Received msg:428
5036:1 Sending msg:429
5044:8 Received msg:429
5045:1 Sending msg:430
5053:8 Received msg:430
5053:0 Sending msg:431
5062:9 Received msg:431
5062:0 Sending msg:432
5070:8 Received msg:432
5070:0 Sending msg:433
5081:11 Received msg:433
5081:0 Sending msg:434
5091:10 Received msg:434
5091:0 Sending msg:435
5108:17 Received msg:435
5108:0 Sending msg:436
5126:18 Received msg:436
5126:0 Sending msg:437
5142:16 Received msg:437
5142:0 Sending msg:438
5156:14 Received msg:438
5157:1 Sending msg:439
5170:13 Received msg:439
5170:0 Sending msg:440
5186:16 Received msg:440
5186:0 Sending msg:441
5201:15 Received msg:441
5201:0 Sending msg:442
5211:10 Received msg:442
5211:0 Sending msg:443
5218:7 Received msg:443
5218:0 Sending msg:444
5230:12 Received msg:444
5231:1 Sending msg:445
5241:10 Received msg:445
5241:0 Sending msg:446
5251:10 Received msg:446
5251:0 Sending msg:447
5260:9 Received msg:447
5260:0 Sending msg:448
5268:8 Received msg:448
5268:0 Sending msg:449
5279:11 Received msg:449
5279:0 Sending msg:450
5292:13 Received msg:450
5293:1 Sending msg:451
5302:9 Received msg:451
5302:0 Sending msg:452
5315:13 Received msg:452
5315:0 Sending msg:453
5331:16 Received msg:453
5332:1 Sending msg:454
5343:11 Received msg:454
5343:0 Sending msg:455
5358:15 Received msg:455
5359:1 Sending msg:456
5369:10 Received msg:456
5369:0 Sending msg:457
5389:20 Received msg:457
5389:0 Sending msg:458
5409:20 Received msg:458
5409:0 Sending msg:459
5422:13 Received msg:459
5422:0 Sending msg:460
5434:12 Received msg:460
5434:0 Sending msg:461
5443:9 Received msg:461
5443:0 Sending msg:462
5452:9 Received msg:462
5452:0 Sending msg:463
5462:10 Received msg:463
5462:0 Sending msg:464
5469:7 Received msg:464
5469:0 Sending msg:465
5480:11 Received msg:465
5481:1 Sending msg:466
5493:12 Received msg:466
5494:1 Sending msg:467
5502:8 Received msg:467
5502:0 Sending msg:468
5548:46 Received msg:468
5548:0 Sending msg:469
5559:11 Received msg:469
5559:0 Sending msg:470
5571:12 Received msg:470
5571:0 Sending msg:471
5584:13 Received msg:471
5585:1 Sending msg:472
5600:15 Received msg:472
5600:0 Sending msg:473
5615:15 Received msg:473
5616:1 Sending msg:474
5626:10 Received msg:474
5626:0 Sending msg:475
5638:12 Received msg:475
5638:0 Sending msg:476
5649:11 Received msg:476
5649:0 Sending msg:477
5656:7 Received msg:477
5657:1 Sending msg:478
5663:6 Received msg:478
5663:0 Sending msg:479
5670:7 Received msg:479
5670:0 Sending msg:480
5679:9 Received msg:480
5679:0 Sending msg:481
5687:8 Received msg:481
5687:0 Sending msg:482
5699:12 Received msg:482
5700:1 Sending msg:483
5706:6 Received msg:483
5706:0 Sending msg:484
5716:10 Received msg:484
5716:0 Sending msg:485
5726:10 Received msg:485
5726:0 Sending msg:486
5737:11 Received msg:486
5737:0 Sending msg:487
5746:9 Received msg:487
5747:1 Sending msg:488
5757:10 Received msg:488
5757:0 Sending msg:489
5777:20 Received msg:489
5777:0 Sending msg:490
5790:13 Received msg:490
5790:0 Sending msg:491
5800:10 Received msg:491
5800:0 Sending msg:492
5811:11 Received msg:492
5811:0 Sending msg:493
5823:12 Received msg:493
5823:0 Sending msg:494
5836:13 Received msg:494
5836:0 Sending msg:495
5845:9 Received msg:495
5845:0 Sending msg:496
5856:11 Received msg:496
5856:0 Sending msg:497
5870:14 Received msg:497
5870:0 Sending msg:498
5882:12 Received msg:498
5883:1 Sending msg:499
5894:11 Received msg:499
5894:0 Sending msg:500
5906:12 Received msg:500
5906:0 Sending msg:501
5917:11 Received msg:501
5917:0 Sending msg:502
5930:13 Received msg:502
5930:0 Sending msg:503
5941:11 Received msg:503
5941:0 Sending msg:504
5953:12 Received msg:504
5953:0 Sending msg:505
5965:12 Received msg:505
5965:0 Sending msg:506
5976:11 Received msg:506
5976:0 Sending msg:507
5988:12 Received msg:507
5989:1 Sending msg:508
6000:11 Received msg:508
6000:0 Sending msg:509
6011:11 Received msg:509
6011:0 Sending msg:510
6028:17 Received msg:510
6028:0 Sending msg:511
6045:17 Received msg:511
6045:0 Sending msg:512
6057:12 Received msg:512
6057:0 Sending msg:513
6069:12 Received msg:513
6069:0 Sending msg:514
6080:11 Received msg:514
6080:0 Sending msg:515
6090:10 Received msg:515
6090:0 Sending msg:516
6100:10 Received msg:516
6101:1 Sending msg:517
6119:18 Received msg:517
6119:0 Sending msg:518
6128:9 Received msg:518
6128:0 Sending msg:519
6142:14 Received msg:519
6142:0 Sending msg:520
6163:21 Received msg:520
6163:0 Sending msg:521
6174:11 Received msg:521
6174:0 Sending msg:522
6185:11 Received msg:522
6185:0 Sending msg:523
6196:11 Received msg:523
6196:0 Sending msg:524
6209:13 Received msg:524
6209:0 Sending msg:525
6217:8 Received msg:525
6217:0 Sending msg:526
6224:7 Received msg:526
6224:0 Sending msg:527
6233:9 Received msg:527
6233:0 Sending msg:528
6241:8 Received msg:528
6241:0 Sending msg:529
6250:9 Received msg:529
6251:1 Sending msg:530
6259:8 Received msg:530
6259:0 Sending msg:531
6272:13 Received msg:531
6272:0 Sending msg:532
6286:14 Received msg:532
6286:0 Sending msg:533
6316:30 Received msg:533
6316:0 Sending msg:534
6329:13 Received msg:534
6329:0 Sending msg:535
6340:11 Received msg:535
6340:0 Sending msg:536
6352:12 Received msg:536
6352:0 Sending msg:537
6368:16 Received msg:537
6368:0 Sending msg:538
6383:15 Received msg:538
6383:0 Sending msg:539
6399:16 Received msg:539
6399:0 Sending msg:540
6425:26 Received msg:540
6425:0 Sending msg:541
6434:9 Received msg:541
6434:0 Sending msg:542
6445:11 Received msg:542
6445:0 Sending msg:543
6451:6 Received msg:543
6451:0 Sending msg:544
6459:8 Received msg:544
6459:0 Sending msg:545
6465:6 Received msg:545
6466:1 Sending msg:546
6475:9 Received msg:546
6475:0 Sending msg:547
6484:9 Received msg:547
6484:0 Sending msg:548
6493:9 Received msg:548
6493:0 Sending msg:549
6505:12 Received msg:549
6505:0 Sending msg:550
6517:12 Received msg:550
6517:0 Sending msg:551
6527:10 Received msg:551
6527:0 Sending msg:552
6537:10 Received msg:552
6537:0 Sending msg:553
6554:17 Received msg:553
6554:0 Sending msg:554
6565:11 Received msg:554
6565:0 Sending msg:555
6576:11 Received msg:555
6576:0 Sending msg:556
6588:12 Received msg:556
6588:0 Sending msg:557
6600:12 Received msg:557
6601:1 Sending msg:558
6613:12 Received msg:558
6613:0 Sending msg:559
6620:7 Received msg:559
6620:0 Sending msg:560
6627:7 Received msg:560
6628:1 Sending msg:561
6636:8 Received msg:561
6636:0 Sending msg:562
6643:7 Received msg:562
6643:0 Sending msg:563
6650:7 Received msg:563
6651:1 Sending msg:564
6659:8 Received msg:564
6659:0 Sending msg:565
6666:7 Received msg:565
6666:0 Sending msg:566
6673:7 Received msg:566
6673:0 Sending msg:567
6686:13 Received msg:567
6686:0 Sending msg:568
6694:8 Received msg:568
6694:0 Sending msg:569
6704:10 Received msg:569
6704:0 Sending msg:570
6712:8 Received msg:570
6712:0 Sending msg:571
6719:7 Received msg:571
6719:0 Sending msg:572
6739:20 Received msg:572
6739:0 Sending msg:573
6752:13 Received msg:573
6752:0 Sending msg:574
6762:10 Received msg:574
6762:0 Sending msg:575
6774:12 Received msg:575
6774:0 Sending msg:576
6786:12 Received msg:576
6786:0 Sending msg:577
6799:13 Received msg:577
6799:0 Sending msg:578
6814:15 Received msg:578
6814:0 Sending msg:579
6827:13 Received msg:579
6827:0 Sending msg:580
6841:14 Received msg:580
6841:0 Sending msg:581
6848:7 Received msg:581
6848:0 Sending msg:582
6854:6 Received msg:582
6854:0 Sending msg:583
6860:6 Received msg:583
6861:1 Sending msg:584
6867:6 Received msg:584
6867:0 Sending msg:585
6873:6 Received msg:585
6873:0 Sending msg:586
6879:6 Received msg:586
6879:0 Sending msg:587
6888:9 Received msg:587
6888:0 Sending msg:588
6896:8 Received msg:588
6896:0 Sending msg:589
6905:9 Received msg:589
6906:1 Sending msg:590
6912:6 Received msg:590
6912:0 Sending msg:591
6918:6 Received msg:591
6918:0 Sending msg:592
6924:6 Received msg:592
6924:0 Sending msg:593
6943:19 Received msg:593
6943:0 Sending msg:594
6953:10 Received msg:594
6953:0 Sending msg:595
6960:7 Received msg:595
6960:0 Sending msg:596
6969:9 Received msg:596
6969:0 Sending msg:597
6978:9 Received msg:597
6978:0 Sending msg:598
6990:12 Received msg:598
6990:0 Sending msg:599
7000:10 Received msg:599
7000:0 Sending msg:600
7014:14 Received msg:600
7014:0 Sending msg:601
7024:10 Received msg:601
7024:0 Sending msg:602
7033:9 Received msg:602
7034:1 Sending msg:603
7049:15 Received msg:603
7049:0 Sending msg:604
7055:6 Received msg:604
7055:0 Sending msg:605
7062:7 Received msg:605
7062:0 Sending msg:606
7070:8 Received msg:606
7070:0 Sending msg:607
7076:6 Received msg:607
7077:1 Sending msg:608
7083:6 Received msg:608
7083:0 Sending msg:609
7093:10 Received msg:609
7093:0 Sending msg:610
7099:6 Received msg:610
7099:0 Sending msg:611
7109:10 Received msg:611
7109:0 Sending msg:612
7118:9 Received msg:612
7118:0 Sending msg:613
7124:6 Received msg:613
7124:0 Sending msg:614
7130:6 Received msg:614
7130:0 Sending msg:615
7137:7 Received msg:615
7137:0 Sending msg:616
7149:12 Received msg:616
7149:0 Sending msg:617
7161:12 Received msg:617
7161:0 Sending msg:618
7169:8 Received msg:618
7169:0 Sending msg:619
7179:10 Received msg:619
7180:1 Sending msg:620
7194:14 Received msg:620
7194:0 Sending msg:621
7211:17 Received msg:621
7211:0 Sending msg:622
7222:11 Received msg:622
7222:0 Sending msg:623
7231:9 Received msg:623
7231:0 Sending msg:624
7242:11 Received msg:624
7242:0 Sending msg:625
7254:12 Received msg:625
7254:0 Sending msg:626
7263:9 Received msg:626
7263:0 Sending msg:627
7270:7 Received msg:627
7270:0 Sending msg:628
7276:6 Received msg:628
7277:1 Sending msg:629
7292:15 Received msg:629
7292:0 Sending msg:630
7299:7 Received msg:630
7299:0 Sending msg:631
7306:7 Received msg:631
7309:3 Sending msg:632
7316:7 Received msg:632
7316:0 Sending msg:633
7324:8 Received msg:633
7324:0 Sending msg:634
7336:12 Received msg:634
7336:0 Sending msg:635
7345:9 Received msg:635
7345:0 Sending msg:636
7353:8 Received msg:636
7353:0 Sending msg:637
7360:7 Received msg:637
7360:0 Sending msg:638
7366:6 Received msg:638
7366:0 Sending msg:639
7382:16 Received msg:639
7382:0 Sending msg:640
7394:12 Received msg:640
7395:1 Sending msg:641
7412:17 Received msg:641
7412:0 Sending msg:642
7423:11 Received msg:642
7423:0 Sending msg:643
7435:12 Received msg:643
7435:0 Sending msg:644
7462:27 Received msg:644
7462:0 Sending msg:645
7476:14 Received msg:645
7476:0 Sending msg:646
7484:8 Received msg:646
7485:1 Sending msg:647
7495:10 Received msg:647
7495:0 Sending msg:648
7502:7 Received msg:648
7502:0 Sending msg:649
7508:6 Received msg:649
7508:0 Sending msg:650
7517:9 Received msg:650
7518:1 Sending msg:651
7524:6 Received msg:651
7524:0 Sending msg:652
7530:6 Received msg:652
7530:0 Sending msg:653
7540:10 Received msg:653
7540:0 Sending msg:654
7548:8 Received msg:654
7548:0 Sending msg:655
7555:7 Received msg:655
7555:0 Sending msg:656
7561:6 Received msg:656
7561:0 Sending msg:657
7568:7 Received msg:657
7568:0 Sending msg:658
7574:6 Received msg:658
7574:0 Sending msg:659
7580:6 Received msg:659
7580:0 Sending msg:660
7597:17 Received msg:660
7597:0 Sending msg:661
7610:13 Received msg:661
7610:0 Sending msg:662
7623:13 Received msg:662
7623:0 Sending msg:663
7633:10 Received msg:663
7633:0 Sending msg:664
7649:16 Received msg:664
7649:0 Sending msg:665
7661:12 Received msg:665
7661:0 Sending msg:666
7670:9 Received msg:666
7670:0 Sending msg:667
7681:11 Received msg:667
7681:0 Sending msg:668
7692:11 Received msg:668
7692:0 Sending msg:669
7703:11 Received msg:669
7703:0 Sending msg:670
7712:9 Received msg:670
7717:5 Sending msg:671
7724:7 Received msg:671
7724:0 Sending msg:672
7730:6 Received msg:672
7730:0 Sending msg:673
7737:7 Received msg:673
7737:0 Sending msg:674
7747:10 Received msg:674
7747:0 Sending msg:675
7754:7 Received msg:675
7754:0 Sending msg:676
7760:6 Received msg:676
7760:0 Sending msg:677
7767:7 Received msg:677
7767:0 Sending msg:678
7773:6 Received msg:678
7773:0 Sending msg:679
7779:6 Received msg:679
7779:0 Sending msg:680
7788:9 Received msg:680
7789:1 Sending msg:681
7796:7 Received msg:681
7796:0 Sending msg:682
7803:7 Received msg:682
7803:0 Sending msg:683
7809:6 Received msg:683
7809:0 Sending msg:684
7824:15 Received msg:684
7824:0 Sending msg:685
7842:18 Received msg:685
7842:0 Sending msg:686
7852:10 Received msg:686
7852:0 Sending msg:687
7866:14 Received msg:687
7866:0 Sending msg:688
7877:11 Received msg:688
7877:0 Sending msg:689
7889:12 Received msg:689
7889:0 Sending msg:690
7903:14 Received msg:690
7903:0 Sending msg:691
7913:10 Received msg:691
7913:0 Sending msg:692
7925:12 Received msg:692
7925:0 Sending msg:693
7933:8 Received msg:693
7933:0 Sending msg:694
7943:10 Received msg:694
7943:0 Sending msg:695
7951:8 Received msg:695
7951:0 Sending msg:696
7957:6 Received msg:696
7957:0 Sending msg:697
7963:6 Received msg:697
7964:1 Sending msg:698
7970:6 Received msg:698
7970:0 Sending msg:699
7980:10 Received msg:699
7980:0 Sending msg:700
7986:6 Received msg:700
7986:0 Sending msg:701
7995:9 Received msg:701
7995:0 Sending msg:702
8004:9 Received msg:702
8004:0 Sending msg:703
8010:6 Received msg:703
8010:0 Sending msg:704
8022:12 Received msg:704
8022:0 Sending msg:705
8036:14 Received msg:705
8036:0 Sending msg:706
8044:8 Received msg:706
8045:1 Sending msg:707
8054:9 Received msg:707
8055:1 Sending msg:708
8065:10 Received msg:708
8065:0 Sending msg:709
8076:11 Received msg:709
8076:0 Sending msg:710
8085:9 Received msg:710
8086:1 Sending msg:711
8099:13 Received msg:711
8099:0 Sending msg:712
8115:16 Received msg:712
8115:0 Sending msg:713
8125:10 Received msg:713
8125:0 Sending msg:714
8132:7 Received msg:714
8132:0 Sending msg:715
8145:13 Received msg:715
8145:0 Sending msg:716
8155:10 Received msg:716
8155:0 Sending msg:717
8162:7 Received msg:717
8162:0 Sending msg:718
8168:6 Received msg:718
8168:0 Sending msg:719
8175:7 Received msg:719
8175:0 Sending msg:720
8180:5 Received msg:720
8180:0 Sending msg:721
8187:7 Received msg:721
8187:0 Sending msg:722
8196:9 Received msg:722
8196:0 Sending msg:723
8204:8 Received msg:723
8204:0 Sending msg:724
8210:6 Received msg:724
8210:0 Sending msg:725
8217:7 Received msg:725
8217:0 Sending msg:726
8223:6 Received msg:726
8223:0 Sending msg:727
8229:6 Received msg:727
8230:1 Sending msg:728
8247:17 Received msg:728
8247:0 Sending msg:729
8260:13 Received msg:729
8260:0 Sending msg:730
8271:11 Received msg:730
8271:0 Sending msg:731
8279:8 Received msg:731
8279:0 Sending msg:732
8290:11 Received msg:732
8290:0 Sending msg:733
8303:13 Received msg:733
8303:0 Sending msg:734
8320:17 Received msg:734
8320:0 Sending msg:735
8334:14 Received msg:735
8334:0 Sending msg:736
8344:10 Received msg:736
8345:1 Sending msg:737
8357:12 Received msg:737
8357:0 Sending msg:738
8371:14 Received msg:738
8371:0 Sending msg:739
8385:14 Received msg:739
8385:0 Sending msg:740
8395:10 Received msg:740
8395:0 Sending msg:741
8407:12 Received msg:741
8407:0 Sending msg:742
8418:11 Received msg:742
8418:0 Sending msg:743
8430:12 Received msg:743
8430:0 Sending msg:744
8444:14 Received msg:744
8444:0 Sending msg:745
8456:12 Received msg:745
8457:1 Sending msg:746
8475:18 Received msg:746
8475:0 Sending msg:747
8486:11 Received msg:747
8486:0 Sending msg:748
8499:13 Received msg:748
8499:0 Sending msg:749
8510:11 Received msg:749
8510:0 Sending msg:750
8522:12 Received msg:750
8522:0 Sending msg:751
8533:11 Received msg:751
8533:0 Sending msg:752
8546:13 Received msg:752
8546:0 Sending msg:753
8556:10 Received msg:753
8557:1 Sending msg:754
8571:14 Received msg:754
8571:0 Sending msg:755
8582:11 Received msg:755
8582:0 Sending msg:756
8594:12 Received msg:756
8594:0 Sending msg:757
8607:13 Received msg:757
8607:0 Sending msg:758
8619:12 Received msg:758
8619:0 Sending msg:759
8631:12 Received msg:759
8631:0 Sending msg:760
8647:16 Received msg:760
8647:0 Sending msg:761
8658:11 Received msg:761
8658:0 Sending msg:762
8672:14 Received msg:762
8672:0 Sending msg:763
8685:13 Received msg:763
8685:0 Sending msg:764
8697:12 Received msg:764
8697:0 Sending msg:765
8705:8 Received msg:765
8705:0 Sending msg:766
8713:8 Received msg:766
8714:1 Sending msg:767
8720:6 Received msg:767
8720:0 Sending msg:768
8727:7 Received msg:768
8727:0 Sending msg:769
8739:12 Received msg:769
8739:0 Sending msg:770
8747:8 Received msg:770
8747:0 Sending msg:771
8757:10 Received msg:771
8757:0 Sending msg:772
8765:8 Received msg:772
8766:1 Sending msg:773
8772:6 Received msg:773
8772:0 Sending msg:774
8781:9 Received msg:774
8781:0 Sending msg:775
8794:13 Received msg:775
8795:1 Sending msg:776
8808:13 Received msg:776
8808:0 Sending msg:777
8820:12 Received msg:777
8820:0 Sending msg:778
8830:10 Received msg:778
8830:0 Sending msg:779
8838:8 Received msg:779
8838:0 Sending msg:780
8853:15 Received msg:780
8853:0 Sending msg:781
8862:9 Received msg:781
8862:0 Sending msg:782
8872:10 Received msg:782
8872:0 Sending msg:783
8891:19 Received msg:783
8891:0 Sending msg:784
8908:17 Received msg:784
8908:0 Sending msg:785
8916:8 Received msg:785
8916:0 Sending msg:786
8923:7 Received msg:786
8923:0 Sending msg:787
8929:6 Received msg:787
8929:0 Sending msg:788
8935:6 Received msg:788
8935:0 Sending msg:789
8946:11 Received msg:789
8946:0 Sending msg:790
8957:11 Received msg:790
8957:0 Sending msg:791
8964:7 Received msg:791
8964:0 Sending msg:792
8971:7 Received msg:792
8971:0 Sending msg:793
8977:6 Received msg:793
8977:0 Sending msg:794
8983:6 Received msg:794
8983:0 Sending msg:795
8989:6 Received msg:795
8989:0 Sending msg:796
9001:12 Received msg:796
9001:0 Sending msg:797
9009:8 Received msg:797
9009:0 Sending msg:798
9025:16 Received msg:798
9025:0 Sending msg:799
9038:13 Received msg:799
9039:1 Sending msg:800
9055:16 Received msg:800
9055:0 Sending msg:801
9066:11 Received msg:801
9066:0 Sending msg:802
9075:9 Received msg:802
9075:0 Sending msg:803
9085:10 Received msg:803
9085:0 Sending msg:804
9099:14 Received msg:804
9099:0 Sending msg:805
9112:13 Received msg:805
9112:0 Sending msg:806
9121:9 Received msg:806
9121:0 Sending msg:807
9129:8 Received msg:807
9129:0 Sending msg:808
9136:7 Received msg:808
9136:0 Sending msg:809
9142:6 Received msg:809
9142:0 Sending msg:810
9158:16 Received msg:810
9158:0 Sending msg:811
9165:7 Received msg:811
9165:0 Sending msg:812
9172:7 Received msg:812
9172:0 Sending msg:813
9178:6 Received msg:813
9179:1 Sending msg:814
9185:6 Received msg:814
9185:0 Sending msg:815
9191:6 Received msg:815
9191:0 Sending msg:816
9200:9 Received msg:816
9200:0 Sending msg:817
9209:9 Received msg:817
9209:0 Sending msg:818
9215:6 Received msg:818
9216:1 Sending msg:819
9222:6 Received msg:819
9222:0 Sending msg:820
9228:6 Received msg:820
9228:0 Sending msg:821
9237:9 Received msg:821
9237:0 Sending msg:822
9252:15 Received msg:822
9252:0 Sending msg:823
9264:12 Received msg:823
9264:0 Sending msg:824
9272:8 Received msg:824
9272:0 Sending msg:825
9285:13 Received msg:825
9286:1 Sending msg:826
9298:12 Received msg:826
9298:0 Sending msg:827
9312:14 Received msg:827
9312:0 Sending msg:828
9323:11 Received msg:828
9323:0 Sending msg:829
9334:11 Received msg:829
9334:0 Sending msg:830
9344:10 Received msg:830
9344:0 Sending msg:831
9353:9 Received msg:831
9353:0 Sending msg:832
9363:10 Received msg:832
9363:0 Sending msg:833
9369:6 Received msg:833
9369:0 Sending msg:834
9375:6 Received msg:834
9375:0 Sending msg:835
9382:7 Received msg:835
9382:0 Sending msg:836
9388:6 Received msg:836
9388:0 Sending msg:837
9394:6 Received msg:837
9394:0 Sending msg:838
9408:14 Received msg:838
9408:0 Sending msg:839
9418:10 Received msg:839
9418:0 Sending msg:840
9424:6 Received msg:840
9424:0 Sending msg:841
9444:20 Received msg:841
9444:0 Sending msg:842
9452:8 Received msg:842
9452:0 Sending msg:843
9466:14 Received msg:843
9466:0 Sending msg:844
9477:11 Received msg:844
9477:0 Sending msg:845
9487:10 Received msg:845
9487:0 Sending msg:846
9500:13 Received msg:846
9500:0 Sending msg:847
9507:7 Received msg:847
9507:0 Sending msg:848
9519:12 Received msg:848
9520:1 Sending msg:849
9534:14 Received msg:849
9534:0 Sending msg:850
9554:20 Received msg:850
9554:0 Sending msg:851
9565:11 Received msg:851
9565:0 Sending msg:852
9574:9 Received msg:852
9574:0 Sending msg:853
9580:6 Received msg:853
9580:0 Sending msg:854
9586:6 Received msg:854
9586:0 Sending msg:855
9592:6 Received msg:855
9592:0 Sending msg:856
9601:9 Received msg:856
9601:0 Sending msg:857
9608:7 Received msg:857
9608:0 Sending msg:858
9618:10 Received msg:858
9618:0 Sending msg:859
9625:7 Received msg:859
9625:0 Sending msg:860
9636:11 Received msg:860
9637:1 Sending msg:861
9645:8 Received msg:861
9645:0 Sending msg:862
9654:9 Received msg:862
9654:0 Sending msg:863
9661:7 Received msg:863
9661:0 Sending msg:864
9670:9 Received msg:864
9670:0 Sending msg:865
9682:12 Received msg:865
9682:0 Sending msg:866
9695:13 Received msg:866
9695:0 Sending msg:867
9721:26 Received msg:867
9721:0 Sending msg:868
9734:13 Received msg:868
9734:0 Sending msg:869
9744:10 Received msg:869
9744:0 Sending msg:870
9754:10 Received msg:870
9754:0 Sending msg:871
9767:13 Received msg:871
9767:0 Sending msg:872
9779:12 Received msg:872
9779:0 Sending msg:873
9791:12 Received msg:873
9792:1 Sending msg:874
9803:11 Received msg:874
9803:0 Sending msg:875
9809:6 Received msg:875
9809:0 Sending msg:876
9817:8 Received msg:876
9817:0 Sending msg:877
9824:7 Received msg:877
9824:0 Sending msg:878
9833:9 Received msg:878
9833:0 Sending msg:879
9839:6 Received msg:879
9839:0 Sending msg:880
9845:6 Received msg:880
9845:0 Sending msg:881
9855:10 Received msg:881
9855:0 Sending msg:882
9861:6 Received msg:882
9861:0 Sending msg:883
9868:7 Received msg:883
9868:0 Sending msg:884
9874:6 Received msg:884
9874:0 Sending msg:885
9881:7 Received msg:885
9881:0 Sending msg:886
9887:6 Received msg:886
9887:0 Sending msg:887
9893:6 Received msg:887
9894:1 Sending msg:888
9913:19 Received msg:888
9913:0 Sending msg:889
9929:16 Received msg:889
9929:0 Sending msg:890
9941:12 Received msg:890
9942:1 Sending msg:891
9957:15 Received msg:891
9957:0 Sending msg:892
9965:8 Received msg:892
9965:0 Sending msg:893
9974:9 Received msg:893
9974:0 Sending msg:894
9986:12 Received msg:894
9986:0 Sending msg:895
9996:10 Received msg:895
9997:1 Sending msg:896
10010:13 Received msg:896
10010:0 Sending msg:897
10017:7 Received msg:897
10017:0 Sending msg:898
10024:7 Received msg:898
10024:0 Sending msg:899
10034:10 Received msg:899
10034:0 Sending msg:900
10040:6 Received msg:900
10040:0 Sending msg:901
10050:10 Received msg:901
10050:0 Sending msg:902
10060:10 Received msg:902
10060:0 Sending msg:903
10067:7 Received msg:903
10067:0 Sending msg:904
10077:10 Received msg:904
10077:0 Sending msg:905
10083:6 Received msg:905
10083:0 Sending msg:906
10090:7 Received msg:906
10090:0 Sending msg:907
10096:6 Received msg:907
10096:0 Sending msg:908
10112:16 Received msg:908
10113:1 Sending msg:909
10124:11 Received msg:909
10124:0 Sending msg:910
10139:15 Received msg:910
10140:1 Sending msg:911
10149:9 Received msg:911
10149:0 Sending msg:912
10163:14 Received msg:912
10163:0 Sending msg:913
10176:13 Received msg:913
10176:0 Sending msg:914
10185:9 Received msg:914
10186:1 Sending msg:915
10201:15 Received msg:915
10201:0 Sending msg:916
10214:13 Received msg:916
10214:0 Sending msg:917
10221:7 Received msg:917
10221:0 Sending msg:918
10227:6 Received msg:918
10227:0 Sending msg:919
10238:11 Received msg:919
10238:0 Sending msg:920
10244:6 Received msg:920
10244:0 Sending msg:921
10251:7 Received msg:921
10251:0 Sending msg:922
10260:9 Received msg:922
10260:0 Sending msg:923
10267:7 Received msg:923
10267:0 Sending msg:924
10273:6 Received msg:924
10273:0 Sending msg:925
10279:6 Received msg:925
10280:1 Sending msg:926
10288:8 Received msg:926
10288:0 Sending msg:927
10295:7 Received msg:927
10295:0 Sending msg:928
10302:7 Received msg:928
10302:0 Sending msg:929
10312:10 Received msg:929
10312:0 Sending msg:930
10328:16 Received msg:930
10329:1 Sending msg:931
10343:14 Received msg:931
10343:0 Sending msg:932
10355:12 Received msg:932
10355:0 Sending msg:933
10366:11 Received msg:933
10366:0 Sending msg:934
10375:9 Received msg:934
10375:0 Sending msg:935
10384:9 Received msg:935
10385:1 Sending msg:936
10394:9 Received msg:936
10394:0 Sending msg:937
10413:19 Received msg:937
10413:0 Sending msg:938
10426:13 Received msg:938
10426:0 Sending msg:939
10433:7 Received msg:939
10433:0 Sending msg:940
10447:14 Received msg:940
10448:1 Sending msg:941
10457:9 Received msg:941
10457:0 Sending msg:942
10466:9 Received msg:942
10466:0 Sending msg:943
10473:7 Received msg:943
10473:0 Sending msg:944
10485:12 Received msg:944
10485:0 Sending msg:945
10492:7 Received msg:945
10492:0 Sending msg:946
10500:8 Received msg:946
10500:0 Sending msg:947
10510:10 Received msg:947
10510:0 Sending msg:948
10518:8 Received msg:948
10518:0 Sending msg:949
10525:7 Received msg:949
10525:0 Sending msg:950
10538:13 Received msg:950
10538:0 Sending msg:951
10552:14 Received msg:951
10552:0 Sending msg:952
10564:12 Received msg:952
10564:0 Sending msg:953
10579:15 Received msg:953
10579:0 Sending msg:954
10588:9 Received msg:954
10588:0 Sending msg:955
10597:9 Received msg:955
10597:0 Sending msg:956
10611:14 Received msg:956
10611:0 Sending msg:957
10621:10 Received msg:957
10621:0 Sending msg:958
10632:11 Received msg:958
10632:0 Sending msg:959
10640:8 Received msg:959
10641:1 Sending msg:960
10656:15 Received msg:960
10656:0 Sending msg:961
10664:8 Received msg:961
10665:1 Sending msg:962
10672:7 Received msg:962
10672:0 Sending msg:963
10681:9 Received msg:963
10681:0 Sending msg:964
10687:6 Received msg:964
10688:1 Sending msg:965
10697:9 Received msg:965
10697:0 Sending msg:966
10709:12 Received msg:966
10709:0 Sending msg:967
10717:8 Received msg:967
10717:0 Sending msg:968
10725:8 Received msg:968
10725:0 Sending msg:969
10732:7 Received msg:969
10732:0 Sending msg:970
10739:7 Received msg:970
10739:0 Sending msg:971
10754:15 Received msg:971
10754:0 Sending msg:972
10769:15 Received msg:972
10769:0 Sending msg:973
10782:13 Received msg:973
10783:1 Sending msg:974
10795:12 Received msg:974
10795:0 Sending msg:975
10810:15 Received msg:975
10810:0 Sending msg:976
10818:8 Received msg:976
10818:0 Sending msg:977
10830:12 Received msg:977
10830:0 Sending msg:978
10844:14 Received msg:978
10844:0 Sending msg:979
10856:12 Received msg:979
10856:0 Sending msg:980
10863:7 Received msg:980
10864:1 Sending msg:981
10874:10 Received msg:981
10874:0 Sending msg:982
10881:7 Received msg:982
10881:0 Sending msg:983
10888:7 Received msg:983
10888:0 Sending msg:984
10895:7 Received msg:984
10895:0 Sending msg:985
10901:6 Received msg:985
10902:1 Sending msg:986
10910:8 Received msg:986
10910:0 Sending msg:987
10925:15 Received msg:987
10926:1 Sending msg:988
10932:6 Received msg:988
10932:0 Sending msg:989
10939:7 Received msg:989
10939:0 Sending msg:990
10946:7 Received msg:990
10946:0 Sending msg:991
10956:10 Received msg:991
10956:0 Sending msg:992
10963:7 Received msg:992
10963:0 Sending msg:993
10984:21 Received msg:993
10984:0 Sending msg:994
10996:12 Received msg:994
10996:0 Sending msg:995
11010:14 Received msg:995
11010:0 Sending msg:996
11024:14 Received msg:996
11024:0 Sending msg:997
11037:13 Received msg:997
11037:0 Sending msg:998
11052:15 Received msg:998
11052:0 Sending msg:999
11067:15 Received msg:999