

Timestamp reset
0 Connected
Can receive synchronous retained messages
2:2 Subscribing
3:1 Subscribed
17:14 Subscribed
17:0 Sent first message
25:8 Sent 100 messages in 8 ms at 0.08ms/msg
52:27 Received first message after 35 ms
471:419 Received 100 messages in 418 ms at 4.18ms/msg
Pending test 'Can receive previous retained messages'

Timestamp reset
0 Connected
Can ping back messages to test roundtrip time
0:0 Subscribing
1:1 Subscribed
5:4 Subscribed
5:0 Sent first message
10:5 Received first message after 5 ms
556:546 Sent 100 messages in 551 ms at 5.51ms/msg
560:4 Received 100 messages in 550 ms at 5.5ms/msg