

Timestamp reset
0 Connected
Can receive synchronous retained messages
2:2 Subscribing
3:1 Subscribed
201:198 Subscribed
201:0 Sent first message
639:438 Sent 10000 messages in 437 ms at 0.0437ms/msg
1030:391 Received first message after 829 ms
10590:9560 Received 10000 messages in 9560 ms at 0.956ms/msg

Timestamp reset
0 Connected
Can receive previous retained messages
0:0 Sent first message
336:336 Sent 10000 messages in 336 ms at 0.0336ms/msg
336:0 Sent 10000 messages in 336 ms at 0.0336ms/msg
7631:7295 Subscribing
7631:0 Subscribed
8612:981 Received first message after 981 ms
9983:1371 Received 10000 messages in 1371 ms at 0.1371ms/msg