

Timestamp reset
0 Connected
Can receive synchronous retained messages
4:4 Subscribing
201:197 Subscribed
201:0 Subscribed
202:1 Sent first message
272:70 Sent 1000 messages in 70 ms at 0.07ms/msg
419:147 Received first message after 217 ms
939:520 Received 1000 messages in 520 ms at 0.52ms/msg

Timestamp reset
0 Connected
Can receive previous retained messages
1:1 Sent first message
59:58 Sent 1000 messages in 58 ms at 0.058ms/msg
59:0 Sent 1000 messages in 58 ms at 0.058ms/msg
692:633 Subscribing
903:211 Received first message after 902 ms
1017:114 Received 1000 messages in 114 ms at 0.114ms/msg

Timestamp reset
0 Connected
Can ping back messages to test roundtrip time
0:0 Subscribing
207:207 Subscribed
207:0 Subscribed
207:0 Sent first message
414:207 Received first message after 207 ms
207860:207446 Sent 1000 messages in 207653 ms at 207.653ms/msg
208069:209 Received 1000 messages in 207655 ms at 207.655ms/msg