

Timestamp reset
0 Connected
Can receive synchronous retained messages
1:1 Subscribing
196:195 Subscribed
196:0 Subscribed
197:1 Sent first message
207:10 Sent 100 messages in 10 ms at 0.1ms/msg
406:199 Received first message after 209 ms
478:72 Received 100 messages in 72 ms at 0.72ms/msg

Timestamp reset
0 Connected
Can receive previous retained messages
0:0 Sent first message
9:9 Sent 100 messages in 9 ms at 0.09ms/msg
9:0 Sent 100 messages in 9 ms at 0.09ms/msg
221:212 Subscribing
417:196 Received first message after 417 ms
461:44 Received 100 messages in 44 ms at 0.44ms/msg

Timestamp reset
0 Connected
Can ping back messages to test roundtrip time
0:0 Subscribing
207:207 Subscribed
207:0 Subscribed
207:0 Sent first message
413:206 Received first message after 206 ms
20792:20379 Sent 100 messages in 20585 ms at 205.85ms/msg
21001:209 Received 100 messages in 20588 ms at 205.88ms/msg